#
# A fatal error has been detected by the Java Runtime Environment:
#
#  SIGSEGV (0xb) at pc=0x00007fa4f219aa20, pid=30882, tid=30883
#
# JRE version: Java(TM) SE Runtime Environment (20.0.2+9) (build 20.0.2+9-78)
# Java VM: Java HotSpot(TM) 64-Bit Server VM (20.0.2+9-78, mixed mode, sharing, tiered, compressed oops, compressed class ptrs, g1 gc, linux-amd64)
# Problematic frame:
# V  [libjvm.so+0x2a5a20]  AccessInternal::PostRuntimeDispatch<G1BarrierSet::AccessBarrier<548964ul, G1BarrierSet>, (AccessInternal::BarrierType)2, 548964ul>::oop_access_barrier(void*)+0x0
#
# No core dump will be written. Core dumps have been disabled. To enable core dumping, try "ulimit -c unlimited" before starting Java again
#
# If you would like to submit a bug reportDescriptor, please visit:
#   https://bugreport.java.com/bugreport/crash.jsp
#

---------------  S U M M A R Y ------------

Command Line: -Dfile.encoding=UTF-8 -Duser.country=US -Duser.language=en -Duser.variant com.serial4j.example.Launcher

Host: Intel(R) Core(TM) i3-7020U CPU @ 2.30GHz, 4 cores, 11G, Debian GNU/Linux 11 (bullseye)
Time: Fri Oct  6 13:35:05 2023 EAT elapsed time: 0.915651 seconds (0d 0h 0m 0s)

---------------  T H R E A D  ---------------

Current thread (0x00007fa4ec02b4a0):  JavaThread "main" [_thread_in_vm, id=30883, stack(0x00007fa4f1d11000,0x00007fa4f1e11000)]

Stack: [0x00007fa4f1d11000,0x00007fa4f1e11000],  sp=0x00007fa4f1e0f6d8,  free space=1017k
Native frames: (J=compiled Java code, j=interpreted, Vv=VM code, C=native code)
V  [libjvm.so+0x2a5a20]  AccessInternal::PostRuntimeDispatch<G1BarrierSet::AccessBarrier<548964ul, G1BarrierSet>, (AccessInternal::BarrierType)2, 548964ul>::oop_access_barrier(void*)+0x0
C  [libserial4j.so+0x8142]  JNIEnv_::GetObjectClass(_jobject*)+0x2e
C  [libserial4j.so+0x74f7]  JniUtils::getObjectClass(JNIEnv_*, _jobject**)+0x26
C  [libserial4j.so+0x7529]  JniUtils::getFieldIDFromObject(JNIEnv_*, _jobject**, char const*, char const*)+0x30
C  [libserial4j.so+0x75c8]  JniUtils::getIntFieldFromClass(JNIEnv_*, _jobject**, char const*, char const*)+0x30
C  [libserial4j.so+0x770e]  JniUtils::getPortDescriptorFromSerialPort(JNIEnv_*, _jobject**)+0x48
C  [libserial4j.so+0x7fc9]  Java_com_serial4j_core_terminal_NativeTerminalDevice_closePort+0x3a
j  com.serial4j.core.terminal.NativeTerminalDevice.closePort()I+0
j  com.serial4j.core.terminal.TerminalDevice.closePort()V+32
j  com.serial4j.example.exception.TestInvalidPortException.main([Ljava/lang/String;)V+9
j  com.serial4j.example.Launcher.main([Ljava/lang/String;)V+9
v  ~StubRoutines::call_stub 0x00007fa4dc402cc6
V  [libjvm.so+0x8a8a85]  JavaCalls::call_helper(JavaValue*, methodHandle const&, JavaCallArguments*, JavaThread*)+0x315
V  [libjvm.so+0x950cea]  jni_invoke_static(JNIEnv_*, JavaValue*, _jobject*, JNICallType, _jmethodID*, JNI_ArgumentPusher*, JavaThread*) [clone .constprop.1]+0x3ba
V  [libjvm.so+0x953a6e]  jni_CallStaticVoidMethod+0x15e
C  [libjli.so+0x467b]  JavaMain+0xd1b
C  [libjli.so+0x7c59]  ThreadJavaMain+0x9
Java frames: (J=compiled Java code, j=interpreted, Vv=VM code)
j  com.serial4j.core.terminal.NativeTerminalDevice.closePort()I+0
j  com.serial4j.core.terminal.TerminalDevice.closePort()V+32
j  com.serial4j.example.exception.TestInvalidPortException.main([Ljava/lang/String;)V+9
j  com.serial4j.example.Launcher.main([Ljava/lang/String;)V+9
v  ~StubRoutines::call_stub 0x00007fa4dc402cc6

siginfo: si_signo: 11 (SIGSEGV), si_code: 1 (SEGV_MAPERR), si_addr: 0x0000000000000000

Registers:
RAX=0x0000000000000000, RBX=0x00007fa4ec02b4a0, RCX=0x00007fa4f283b370, RDX=0x0000000000000000
RSP=0x00007fa4f1e0f6d8, RBP=0x00007fa4f1e0f720, RSI=0x0000000000000000, RDI=0x0000000000000000
R8 =0x00007fa4f283d2a0, R9 =0x00007fa4ec02b4a0, R10=0x00007fa4f001cec0, R11=0x00007fa4f0024182
R12=0x0000000000000000, R13=0x00007fa4b8411c98, R14=0x00007fa4f1e0f8c8, R15=0x00007fa4ec02b4a0
RIP=0x00007fa4f219aa20, EFLAGS=0x0000000000010246, CSGSFS=0x002b000000000033, ERR=0x0000000000000004
  TRAPNO=0x000000000000000e


Register to memory mapping:

RAX=0x0 is NULL
RBX=0x00007fa4ec02b4a0 is a thread
RCX=0x00007fa4f283b370: <offset 0x0000000000946370> in /usr/lib/jvm/jdk-20/lib/server/libjvm.so at 0x00007fa4f1ef5000
RDX=0x0 is NULL
RSP=0x00007fa4f1e0f6d8 is pointing into the stack for thread: 0x00007fa4ec02b4a0
RBP=0x00007fa4f1e0f720 is pointing into the stack for thread: 0x00007fa4ec02b4a0
RSI=0x0 is NULL
RDI=0x0 is NULL
R8 =0x00007fa4f283d2a0: <offset 0x00000000009482a0> in /usr/lib/jvm/jdk-20/lib/server/libjvm.so at 0x00007fa4f1ef5000
R9 =0x00007fa4ec02b4a0 is a thread
R10=0x00007fa4f001cec0: <offset 0x0000000000000ec0> in /home/twisted/GradleProjects/Serial4j-v1/serial4j-examples/libs/bin/libserial4j.so at 0x00007fa4f001c000
R11=0x00007fa4f0024182: _ZN7JNIEnv_14GetObjectFieldEP8_jobjectP9_jfieldID+0x0000000000000000 in /home/twisted/GradleProjects/Serial4j-v1/serial4j-examples/libs/bin/libserial4j.so at 0x00007fa4f001c000
R12=0x0 is NULL
R13={method} {0x00007fa4b8411c98} 'closePort' '()I' in 'com/serial4j/core/terminal/NativeTerminalDevice'
R14=0x00007fa4f1e0f8c8 is pointing into the stack for thread: 0x00007fa4ec02b4a0
R15=0x00007fa4ec02b4a0 is a thread


Top of Stack: (sp=0x00007fa4f1e0f6d8)
0x00007fa4f1e0f6d8:   00007fa4f283b4d9 00007fa4ec02b4a0
0x00007fa4f1e0f6e8:   0000000000000000 00007fa4ec02b4a0
0x00007fa4f1e0f6f8:   00007fa4f1e0f8c8 00007fa4f1e0f750
0x00007fa4f1e0f708:   00007fa4ec02b780 0000000000000000
0x00007fa4f1e0f718:   00007fa4b8411c98 00007fa4f1e0f740
0x00007fa4f1e0f728:   00007fa4f0024142 0000000000000000
0x00007fa4f1e0f738:   00007fa4ec02b780 00007fa4f1e0f760
0x00007fa4f1e0f748:   00007fa4f00234f7 00007fa4f1e0f808
0x00007fa4f1e0f758:   00007fa4ec02b780 00007fa4f1e0f7a0
0x00007fa4f1e0f768:   00007fa4f0023529 00007fa4f0026039
0x00007fa4f1e0f778:   00007fa4f002603b 00007fa4f1e0f808
0x00007fa4f1e0f788:   00007fa4ec02b780 00007fa4f0026008
0x00007fa4f1e0f798:   00007fa4b8411c98 00007fa4f1e0f7e0
0x00007fa4f1e0f7a8:   00007fa4f00235c8 00007fa4f0026039
0x00007fa4f1e0f7b8:   00007fa4f002603b 00007fa4f1e0f808
0x00007fa4f1e0f7c8:   00007fa4ec02b780 00007fa4f1e0f820
0x00007fa4f1e0f7d8:   00007fa4ec02b780 00007fa4f1e0f810
0x00007fa4f1e0f7e8:   00007fa4f002370e 00007fa4f1e0f820
0x00007fa4f1e0f7f8:   00007fa4ec02b780 00007fa4f1e0f820
0x00007fa4f1e0f808:   0000000000000000 00007fa4f1e0f840
0x00007fa4f1e0f818:   00007fa4f0023fc9 00007fa4f1e0f8c8
0x00007fa4f1e0f828:   00007fa4ec02b780 00007fa4f1e0f8a8
0x00007fa4f1e0f838:   0000000000000000 00007fa4f1e0f8a8
0x00007fa4f1e0f848:   00007fa4dc423728 0000000000000000
0x00007fa4f1e0f858:   00007fa4dc4233d6 00007fa4f1e0f860
0x00007fa4f1e0f868:   00007fa4b8411c98 00007fa4f1e0f8c8
0x00007fa4f1e0f878:   00007fa4b8411da0 0000000000000000
0x00007fa4f1e0f888:   000000075247f6f8 00007fa4b8411c98
0x00007fa4f1e0f898:   0000000000000000 00007fa4f1e0f8c8
0x00007fa4f1e0f8a8:   00007fa4f1e0f918 00007fa4dc41f4be
0x00007fa4f1e0f8b8:   0000000000000000 00007fa4dc421075
0x00007fa4f1e0f8c8:   00000007525d8148 00007fa4f1e0f8d0 

Instructions: (pc=0x00007fa4f219aa20)
0x00007fa4f219a920:   5c 24 28 48 8b 40 08 48 8b 40 18 48 8b 78 70 48
0x00007fa4f219a930:   85 ff 74 09 ff 15 d6 26 04 01 48 89 c7 48 89 7b
0x00007fa4f219a940:   e0 48 83 c4 18 5b 41 5c 41 5d 41 5e 41 5f 5d c3
0x00007fa4f219a950:   49 8b 44 24 28 4c 89 e7 4c 89 45 c8 48 8d 58 10
0x00007fa4f219a960:   e8 8b c6 48 00 4c 8b 45 c8 48 39 c3 75 97 48 8b
0x00007fa4f219a970:   45 18 4d 63 ed 4c 89 e7 48 8b 00 4a 8d 34 e8 e8
0x00007fa4f219a980:   8c c6 48 00 4c 8b 45 c8 e9 78 ff ff ff 90 66 90
0x00007fa4f219a990:   83 ef 04 83 ff 0a 77 10 48 8d 05 61 da d5 00 8b
0x00007fa4f219a9a0:   04 b8 c3 0f 1f 44 00 00 48 8d 05 01 77 04 01 55
0x00007fa4f219a9b0:   be 9c 00 00 00 48 8d 3d 4c 28 d0 00 48 8b 00 48
0x00007fa4f219a9c0:   89 e5 c6 00 58 e8 76 91 3a 00 e8 c1 f9 9d 00 31
0x00007fa4f219a9d0:   c0 5d c3 90 66 66 2e 0f 1f 84 00 00 00 00 00 90
0x00007fa4f219a9e0:   48 8b 47 08 0f b7 50 28 0f b7 40 2a 8d 44 02 19
0x00007fa4f219a9f0:   c3 66 66 66 66 66 66 2e 0f 1f 84 00 00 00 00 00
0x00007fa4f219aa00:   48 8b 07 c3 66 66 66 2e 0f 1f 84 00 00 00 00 00
0x00007fa4f219aa10:   48 8b 07 c3 66 66 66 2e 0f 1f 84 00 00 00 00 00
0x00007fa4f219aa20:   48 8b 07 c3 66 66 66 2e 0f 1f 84 00 00 00 00 00
0x00007fa4f219aa30:   48 8b 07 c3 66 66 66 2e 0f 1f 84 00 00 00 00 00
0x00007fa4f219aa40:   48 8b 07 c3 66 66 66 2e 0f 1f 84 00 00 00 00 00
0x00007fa4f219aa50:   48 8b 07 c3 66 66 66 2e 0f 1f 84 00 00 00 00 00
0x00007fa4f219aa60:   55 48 89 e5 41 55 41 54 53 48 83 ec 08 48 8b 1f
0x00007fa4f219aa70:   4c 8d 2d 89 40 0d 01 48 89 da 49 23 55 00 48 89
0x00007fa4f219aa80:   d8 75 0d 48 83 c4 08 5b 41 5c 41 5d 5d c3 66 90
0x00007fa4f219aa90:   49 89 fc 48 89 df e8 b5 f0 c6 00 48 89 c2 48 85
0x00007fa4f219aaa0:   c0 74 05 4d 85 e4 75 1e 48 83 c4 08 48 89 d0 5b
0x00007fa4f219aab0:   41 5c 41 5d 5d c3 66 2e 0f 1f 84 00 00 00 00 00
0x00007fa4f219aac0:   49 23 45 00 74 e2 48 89 d9 48 89 d8 f0 49 0f b1
0x00007fa4f219aad0:   14 24 48 89 c3 48 39 c8 75 e6 eb cc 0f 1f 40 00
0x00007fa4f219aae0:   55 48 89 e5 41 54 49 89 fc 48 83 ec 08 48 8d 05
0x00007fa4f219aaf0:   1c cf 07 01 48 8b 00 8b 50 10 48 8d 05 2d e6 08
0x00007fa4f219ab00:   01 80 38 00 74 3a 48 8d 05 13 ff ff ff 83 fa 03
0x00007fa4f219ab10:   74 1a 77 5c 48 8d 05 e5 fe ff ff 83 fa 01 74 0c 


Stack slot to memory mapping:
stack at sp + 0 slots: 0x00007fa4f283b4d9: <offset 0x00000000009464d9> in /usr/lib/jvm/jdk-20/lib/server/libjvm.so at 0x00007fa4f1ef5000
stack at sp + 1 slots: 0x00007fa4ec02b4a0 is a thread
stack at sp + 2 slots: 0x0 is NULL
stack at sp + 3 slots: 0x00007fa4ec02b4a0 is a thread
stack at sp + 4 slots: 0x00007fa4f1e0f8c8 is pointing into the stack for thread: 0x00007fa4ec02b4a0
stack at sp + 5 slots: 0x00007fa4f1e0f750 is pointing into the stack for thread: 0x00007fa4ec02b4a0
stack at sp + 6 slots: 0x00007fa4ec02b780 points into unknown readable memory: 0x00007fa4f31e3fa0 | a0 3f 1e f3 a4 7f 00 00
stack at sp + 7 slots: 0x0 is NULL


---------------  P R O C E S S  ---------------

Threads class SMR info:
_java_thread_list=0x00007fa44c041260, length=11, elements={
0x00007fa4ec02b4a0, 0x00007fa4ec132270, 0x00007fa4ec1337a0, 0x00007fa4ec135280,
0x00007fa4ec136710, 0x00007fa4ec137b90, 0x00007fa4ec1395b0, 0x00007fa4ec13ab50,
0x00007fa4ec149a60, 0x00007fa4ec14e110, 0x00007fa44c0401c0
}

Java Threads: ( => current thread )
=>0x00007fa4ec02b4a0 JavaThread "main" [_thread_in_vm, id=30883, stack(0x00007fa4f1d11000,0x00007fa4f1e11000)]
  0x00007fa4ec132270 JavaThread "Reference Handler" daemon [_thread_blocked, id=30890, stack(0x00007fa4c3563000,0x00007fa4c3663000)]
  0x00007fa4ec1337a0 JavaThread "Finalizer" daemon [_thread_blocked, id=30891, stack(0x00007fa4c3463000,0x00007fa4c3563000)]
  0x00007fa4ec135280 JavaThread "Signal Dispatcher" daemon [_thread_blocked, id=30892, stack(0x00007fa4c3363000,0x00007fa4c3463000)]
  0x00007fa4ec136710 JavaThread "Service Thread" daemon [_thread_blocked, id=30893, stack(0x00007fa4c3263000,0x00007fa4c3363000)]
  0x00007fa4ec137b90 JavaThread "Monitor Deflation Thread" daemon [_thread_blocked, id=30894, stack(0x00007fa4c3163000,0x00007fa4c3263000)]
  0x00007fa4ec1395b0 JavaThread "C2 CompilerThread0" daemon [_thread_blocked, id=30895, stack(0x00007fa4c3063000,0x00007fa4c3163000)]
  0x00007fa4ec13ab50 JavaThread "C1 CompilerThread0" daemon [_thread_blocked, id=30896, stack(0x00007fa4c2f63000,0x00007fa4c3063000)]
  0x00007fa4ec149a60 JavaThread "Notification Thread" daemon [_thread_blocked, id=30897, stack(0x00007fa4c2e63000,0x00007fa4c2f63000)]
  0x00007fa4ec14e110 JavaThread "Common-Cleaner" daemon [_thread_blocked, id=30899, stack(0x00007fa4c2c61000,0x00007fa4c2d61000)]
  0x00007fa44c0401c0 JavaThread "C2 CompilerThread1" daemon [_thread_blocked, id=30900, stack(0x00007fa4c2b61000,0x00007fa4c2c61000)]

Other Threads:
  0x00007fa4ec1257f0 VMThread "VM Thread" [stack: 0x00007fa4c394e000,0x00007fa4c3a4e000] [id=30889] _threads_hazard_ptr=0x00007fa44c041260
  0x00007fa4ec14b890 WatcherThread "VM Periodic Task Thread" [stack: 0x00007fa4c2d63000,0x00007fa4c2e63000] [id=30898]
  0x00007fa4ec085f00 WorkerThread "GC Thread#0" [stack: 0x00007fa4f0461000,0x00007fa4f0561000] [id=30884]
  0x00007fa4ec092dd0 ConcurrentGCThread "G1 Main Marker" [stack: 0x00007fa4f035f000,0x00007fa4f045f000] [id=30885]
  0x00007fa4ec093cf0 WorkerThread "G1 Conc#0" [stack: 0x00007fa4f025d000,0x00007fa4f035d000] [id=30886]
  0x00007fa4ec0f3fd0 ConcurrentGCThread "G1 Refine#0" [stack: 0x00007fa4c3cfe000,0x00007fa4c3dfe000] [id=30887]
  0x00007fa4ec0f4f10 ConcurrentGCThread "G1 Service" [stack: 0x00007fa4c3bfc000,0x00007fa4c3cfc000] [id=30888]

Threads with active compile tasks:

VM state: synchronizing (normal execution)

VM Mutex/Monitor currently owned by a thread:  ([mutex/lock_event])
[0x00007fa4ec02a080] Threads_lock - owner thread: 0x00007fa4ec1257f0

Heap address: 0x0000000746e00000, size: 2962 MB, Compressed Oops mode: Zero based, Oop shift amount: 3

CDS archive(s) mapped at: [0x00007fa473000000-0x00007fa473c7e000-0x00007fa473c7e000), size 13099008, SharedBaseAddress: 0x00007fa473000000, ArchiveRelocationMode: 1.
Compressed class space mapped at: 0x00007fa474000000-0x00007fa4b4000000, reserved size: 1073741824
Narrow klass base: 0x00007fa473000000, Narrow klass shift: 0, Narrow klass range: 0x100000000

GC Precious Log:
 CardTable entry size: 512
 Card Set container configuration: InlinePtr #cards 4 size 8 Array Of Cards #cards 16 size 48 Howl #buckets 8 coarsen threshold 3686 Howl Bitmap #cards 512 size 80 coarsen threshold 460 Card regions per heap region 1 cards per card region 4096
 CPUs: 4 total, 4 available
 Memory: 11843M
 Large Page Support: Disabled
 NUMA Support: Disabled
 Compressed Oops: Enabled (Zero based)
 Heap Region Size: 2M
 Heap Min Capacity: 8M
 Heap Initial Capacity: 186M
 Heap Max Capacity: 2962M
 Pre-touch: Disabled
 Parallel Workers: 4
 Concurrent Workers: 1
 Concurrent Refinement Workers: 4
 Periodic GC: Disabled

Heap:
 garbage-first heap   total 194560K, used 4080K [0x0000000746e00000, 0x0000000800000000)
  region size 2048K, 2 young (4096K), 0 survivors (0K)
 Metaspace       used 1010K, committed 1152K, reserved 1114112K
  class space    used 95K, committed 128K, reserved 1048576K

Heap Regions: E=young(eden), S=young(survivor), O=old, HS=humongous(starts), HC=humongous(continues), CS=collection set, F=free, OA=open archive, CA=closed archive, TAMS=top-at-mark-start, PB=parsable bottom
|   0|0x0000000746e00000, 0x0000000746e00000, 0x0000000747000000|  0%| F|  |TAMS 0x0000000746e00000| PB 0x0000000746e00000| Untracked 
|   1|0x0000000747000000, 0x0000000747000000, 0x0000000747200000|  0%| F|  |TAMS 0x0000000747000000| PB 0x0000000747000000| Untracked 
|   2|0x0000000747200000, 0x0000000747200000, 0x0000000747400000|  0%| F|  |TAMS 0x0000000747200000| PB 0x0000000747200000| Untracked 
|   3|0x0000000747400000, 0x0000000747400000, 0x0000000747600000|  0%| F|  |TAMS 0x0000000747400000| PB 0x0000000747400000| Untracked 
|   4|0x0000000747600000, 0x0000000747600000, 0x0000000747800000|  0%| F|  |TAMS 0x0000000747600000| PB 0x0000000747600000| Untracked 
|   5|0x0000000747800000, 0x0000000747800000, 0x0000000747a00000|  0%| F|  |TAMS 0x0000000747800000| PB 0x0000000747800000| Untracked 
|   6|0x0000000747a00000, 0x0000000747a00000, 0x0000000747c00000|  0%| F|  |TAMS 0x0000000747a00000| PB 0x0000000747a00000| Untracked 
|   7|0x0000000747c00000, 0x0000000747c00000, 0x0000000747e00000|  0%| F|  |TAMS 0x0000000747c00000| PB 0x0000000747c00000| Untracked 
|   8|0x0000000747e00000, 0x0000000747e00000, 0x0000000748000000|  0%| F|  |TAMS 0x0000000747e00000| PB 0x0000000747e00000| Untracked 
|   9|0x0000000748000000, 0x0000000748000000, 0x0000000748200000|  0%| F|  |TAMS 0x0000000748000000| PB 0x0000000748000000| Untracked 
|  10|0x0000000748200000, 0x0000000748200000, 0x0000000748400000|  0%| F|  |TAMS 0x0000000748200000| PB 0x0000000748200000| Untracked 
|  11|0x0000000748400000, 0x0000000748400000, 0x0000000748600000|  0%| F|  |TAMS 0x0000000748400000| PB 0x0000000748400000| Untracked 
|  12|0x0000000748600000, 0x0000000748600000, 0x0000000748800000|  0%| F|  |TAMS 0x0000000748600000| PB 0x0000000748600000| Untracked 
|  13|0x0000000748800000, 0x0000000748800000, 0x0000000748a00000|  0%| F|  |TAMS 0x0000000748800000| PB 0x0000000748800000| Untracked 
|  14|0x0000000748a00000, 0x0000000748a00000, 0x0000000748c00000|  0%| F|  |TAMS 0x0000000748a00000| PB 0x0000000748a00000| Untracked 
|  15|0x0000000748c00000, 0x0000000748c00000, 0x0000000748e00000|  0%| F|  |TAMS 0x0000000748c00000| PB 0x0000000748c00000| Untracked 
|  16|0x0000000748e00000, 0x0000000748e00000, 0x0000000749000000|  0%| F|  |TAMS 0x0000000748e00000| PB 0x0000000748e00000| Untracked 
|  17|0x0000000749000000, 0x0000000749000000, 0x0000000749200000|  0%| F|  |TAMS 0x0000000749000000| PB 0x0000000749000000| Untracked 
|  18|0x0000000749200000, 0x0000000749200000, 0x0000000749400000|  0%| F|  |TAMS 0x0000000749200000| PB 0x0000000749200000| Untracked 
|  19|0x0000000749400000, 0x0000000749400000, 0x0000000749600000|  0%| F|  |TAMS 0x0000000749400000| PB 0x0000000749400000| Untracked 
|  20|0x0000000749600000, 0x0000000749600000, 0x0000000749800000|  0%| F|  |TAMS 0x0000000749600000| PB 0x0000000749600000| Untracked 
|  21|0x0000000749800000, 0x0000000749800000, 0x0000000749a00000|  0%| F|  |TAMS 0x0000000749800000| PB 0x0000000749800000| Untracked 
|  22|0x0000000749a00000, 0x0000000749a00000, 0x0000000749c00000|  0%| F|  |TAMS 0x0000000749a00000| PB 0x0000000749a00000| Untracked 
|  23|0x0000000749c00000, 0x0000000749c00000, 0x0000000749e00000|  0%| F|  |TAMS 0x0000000749c00000| PB 0x0000000749c00000| Untracked 
|  24|0x0000000749e00000, 0x0000000749e00000, 0x000000074a000000|  0%| F|  |TAMS 0x0000000749e00000| PB 0x0000000749e00000| Untracked 
|  25|0x000000074a000000, 0x000000074a000000, 0x000000074a200000|  0%| F|  |TAMS 0x000000074a000000| PB 0x000000074a000000| Untracked 
|  26|0x000000074a200000, 0x000000074a200000, 0x000000074a400000|  0%| F|  |TAMS 0x000000074a200000| PB 0x000000074a200000| Untracked 
|  27|0x000000074a400000, 0x000000074a400000, 0x000000074a600000|  0%| F|  |TAMS 0x000000074a400000| PB 0x000000074a400000| Untracked 
|  28|0x000000074a600000, 0x000000074a600000, 0x000000074a800000|  0%| F|  |TAMS 0x000000074a600000| PB 0x000000074a600000| Untracked 
|  29|0x000000074a800000, 0x000000074a800000, 0x000000074aa00000|  0%| F|  |TAMS 0x000000074a800000| PB 0x000000074a800000| Untracked 
|  30|0x000000074aa00000, 0x000000074aa00000, 0x000000074ac00000|  0%| F|  |TAMS 0x000000074aa00000| PB 0x000000074aa00000| Untracked 
|  31|0x000000074ac00000, 0x000000074ac00000, 0x000000074ae00000|  0%| F|  |TAMS 0x000000074ac00000| PB 0x000000074ac00000| Untracked 
|  32|0x000000074ae00000, 0x000000074ae00000, 0x000000074b000000|  0%| F|  |TAMS 0x000000074ae00000| PB 0x000000074ae00000| Untracked 
|  33|0x000000074b000000, 0x000000074b000000, 0x000000074b200000|  0%| F|  |TAMS 0x000000074b000000| PB 0x000000074b000000| Untracked 
|  34|0x000000074b200000, 0x000000074b200000, 0x000000074b400000|  0%| F|  |TAMS 0x000000074b200000| PB 0x000000074b200000| Untracked 
|  35|0x000000074b400000, 0x000000074b400000, 0x000000074b600000|  0%| F|  |TAMS 0x000000074b400000| PB 0x000000074b400000| Untracked 
|  36|0x000000074b600000, 0x000000074b600000, 0x000000074b800000|  0%| F|  |TAMS 0x000000074b600000| PB 0x000000074b600000| Untracked 
|  37|0x000000074b800000, 0x000000074b800000, 0x000000074ba00000|  0%| F|  |TAMS 0x000000074b800000| PB 0x000000074b800000| Untracked 
|  38|0x000000074ba00000, 0x000000074ba00000, 0x000000074bc00000|  0%| F|  |TAMS 0x000000074ba00000| PB 0x000000074ba00000| Untracked 
|  39|0x000000074bc00000, 0x000000074bc00000, 0x000000074be00000|  0%| F|  |TAMS 0x000000074bc00000| PB 0x000000074bc00000| Untracked 
|  40|0x000000074be00000, 0x000000074be00000, 0x000000074c000000|  0%| F|  |TAMS 0x000000074be00000| PB 0x000000074be00000| Untracked 
|  41|0x000000074c000000, 0x000000074c000000, 0x000000074c200000|  0%| F|  |TAMS 0x000000074c000000| PB 0x000000074c000000| Untracked 
|  42|0x000000074c200000, 0x000000074c200000, 0x000000074c400000|  0%| F|  |TAMS 0x000000074c200000| PB 0x000000074c200000| Untracked 
|  43|0x000000074c400000, 0x000000074c400000, 0x000000074c600000|  0%| F|  |TAMS 0x000000074c400000| PB 0x000000074c400000| Untracked 
|  44|0x000000074c600000, 0x000000074c600000, 0x000000074c800000|  0%| F|  |TAMS 0x000000074c600000| PB 0x000000074c600000| Untracked 
|  45|0x000000074c800000, 0x000000074c800000, 0x000000074ca00000|  0%| F|  |TAMS 0x000000074c800000| PB 0x000000074c800000| Untracked 
|  46|0x000000074ca00000, 0x000000074ca00000, 0x000000074cc00000|  0%| F|  |TAMS 0x000000074ca00000| PB 0x000000074ca00000| Untracked 
|  47|0x000000074cc00000, 0x000000074cc00000, 0x000000074ce00000|  0%| F|  |TAMS 0x000000074cc00000| PB 0x000000074cc00000| Untracked 
|  48|0x000000074ce00000, 0x000000074ce00000, 0x000000074d000000|  0%| F|  |TAMS 0x000000074ce00000| PB 0x000000074ce00000| Untracked 
|  49|0x000000074d000000, 0x000000074d000000, 0x000000074d200000|  0%| F|  |TAMS 0x000000074d000000| PB 0x000000074d000000| Untracked 
|  50|0x000000074d200000, 0x000000074d200000, 0x000000074d400000|  0%| F|  |TAMS 0x000000074d200000| PB 0x000000074d200000| Untracked 
|  51|0x000000074d400000, 0x000000074d400000, 0x000000074d600000|  0%| F|  |TAMS 0x000000074d400000| PB 0x000000074d400000| Untracked 
|  52|0x000000074d600000, 0x000000074d600000, 0x000000074d800000|  0%| F|  |TAMS 0x000000074d600000| PB 0x000000074d600000| Untracked 
|  53|0x000000074d800000, 0x000000074d800000, 0x000000074da00000|  0%| F|  |TAMS 0x000000074d800000| PB 0x000000074d800000| Untracked 
|  54|0x000000074da00000, 0x000000074da00000, 0x000000074dc00000|  0%| F|  |TAMS 0x000000074da00000| PB 0x000000074da00000| Untracked 
|  55|0x000000074dc00000, 0x000000074dc00000, 0x000000074de00000|  0%| F|  |TAMS 0x000000074dc00000| PB 0x000000074dc00000| Untracked 
|  56|0x000000074de00000, 0x000000074de00000, 0x000000074e000000|  0%| F|  |TAMS 0x000000074de00000| PB 0x000000074de00000| Untracked 
|  57|0x000000074e000000, 0x000000074e000000, 0x000000074e200000|  0%| F|  |TAMS 0x000000074e000000| PB 0x000000074e000000| Untracked 
|  58|0x000000074e200000, 0x000000074e200000, 0x000000074e400000|  0%| F|  |TAMS 0x000000074e200000| PB 0x000000074e200000| Untracked 
|  59|0x000000074e400000, 0x000000074e400000, 0x000000074e600000|  0%| F|  |TAMS 0x000000074e400000| PB 0x000000074e400000| Untracked 
|  60|0x000000074e600000, 0x000000074e600000, 0x000000074e800000|  0%| F|  |TAMS 0x000000074e600000| PB 0x000000074e600000| Untracked 
|  61|0x000000074e800000, 0x000000074e800000, 0x000000074ea00000|  0%| F|  |TAMS 0x000000074e800000| PB 0x000000074e800000| Untracked 
|  62|0x000000074ea00000, 0x000000074ea00000, 0x000000074ec00000|  0%| F|  |TAMS 0x000000074ea00000| PB 0x000000074ea00000| Untracked 
|  63|0x000000074ec00000, 0x000000074ec00000, 0x000000074ee00000|  0%| F|  |TAMS 0x000000074ec00000| PB 0x000000074ec00000| Untracked 
|  64|0x000000074ee00000, 0x000000074ee00000, 0x000000074f000000|  0%| F|  |TAMS 0x000000074ee00000| PB 0x000000074ee00000| Untracked 
|  65|0x000000074f000000, 0x000000074f000000, 0x000000074f200000|  0%| F|  |TAMS 0x000000074f000000| PB 0x000000074f000000| Untracked 
|  66|0x000000074f200000, 0x000000074f200000, 0x000000074f400000|  0%| F|  |TAMS 0x000000074f200000| PB 0x000000074f200000| Untracked 
|  67|0x000000074f400000, 0x000000074f400000, 0x000000074f600000|  0%| F|  |TAMS 0x000000074f400000| PB 0x000000074f400000| Untracked 
|  68|0x000000074f600000, 0x000000074f600000, 0x000000074f800000|  0%| F|  |TAMS 0x000000074f600000| PB 0x000000074f600000| Untracked 
|  69|0x000000074f800000, 0x000000074f800000, 0x000000074fa00000|  0%| F|  |TAMS 0x000000074f800000| PB 0x000000074f800000| Untracked 
|  70|0x000000074fa00000, 0x000000074fa00000, 0x000000074fc00000|  0%| F|  |TAMS 0x000000074fa00000| PB 0x000000074fa00000| Untracked 
|  71|0x000000074fc00000, 0x000000074fc00000, 0x000000074fe00000|  0%| F|  |TAMS 0x000000074fc00000| PB 0x000000074fc00000| Untracked 
|  72|0x000000074fe00000, 0x000000074fe00000, 0x0000000750000000|  0%| F|  |TAMS 0x000000074fe00000| PB 0x000000074fe00000| Untracked 
|  73|0x0000000750000000, 0x0000000750000000, 0x0000000750200000|  0%| F|  |TAMS 0x0000000750000000| PB 0x0000000750000000| Untracked 
|  74|0x0000000750200000, 0x0000000750200000, 0x0000000750400000|  0%| F|  |TAMS 0x0000000750200000| PB 0x0000000750200000| Untracked 
|  75|0x0000000750400000, 0x0000000750400000, 0x0000000750600000|  0%| F|  |TAMS 0x0000000750400000| PB 0x0000000750400000| Untracked 
|  76|0x0000000750600000, 0x0000000750600000, 0x0000000750800000|  0%| F|  |TAMS 0x0000000750600000| PB 0x0000000750600000| Untracked 
|  77|0x0000000750800000, 0x0000000750800000, 0x0000000750a00000|  0%| F|  |TAMS 0x0000000750800000| PB 0x0000000750800000| Untracked 
|  78|0x0000000750a00000, 0x0000000750a00000, 0x0000000750c00000|  0%| F|  |TAMS 0x0000000750a00000| PB 0x0000000750a00000| Untracked 
|  79|0x0000000750c00000, 0x0000000750c00000, 0x0000000750e00000|  0%| F|  |TAMS 0x0000000750c00000| PB 0x0000000750c00000| Untracked 
|  80|0x0000000750e00000, 0x0000000750e00000, 0x0000000751000000|  0%| F|  |TAMS 0x0000000750e00000| PB 0x0000000750e00000| Untracked 
|  81|0x0000000751000000, 0x0000000751000000, 0x0000000751200000|  0%| F|  |TAMS 0x0000000751000000| PB 0x0000000751000000| Untracked 
|  82|0x0000000751200000, 0x0000000751200000, 0x0000000751400000|  0%| F|  |TAMS 0x0000000751200000| PB 0x0000000751200000| Untracked 
|  83|0x0000000751400000, 0x0000000751400000, 0x0000000751600000|  0%| F|  |TAMS 0x0000000751400000| PB 0x0000000751400000| Untracked 
|  84|0x0000000751600000, 0x0000000751600000, 0x0000000751800000|  0%| F|  |TAMS 0x0000000751600000| PB 0x0000000751600000| Untracked 
|  85|0x0000000751800000, 0x0000000751800000, 0x0000000751a00000|  0%| F|  |TAMS 0x0000000751800000| PB 0x0000000751800000| Untracked 
|  86|0x0000000751a00000, 0x0000000751a00000, 0x0000000751c00000|  0%| F|  |TAMS 0x0000000751a00000| PB 0x0000000751a00000| Untracked 
|  87|0x0000000751c00000, 0x0000000751c00000, 0x0000000751e00000|  0%| F|  |TAMS 0x0000000751c00000| PB 0x0000000751c00000| Untracked 
|  88|0x0000000751e00000, 0x0000000751e00000, 0x0000000752000000|  0%| F|  |TAMS 0x0000000751e00000| PB 0x0000000751e00000| Untracked 
|  89|0x0000000752000000, 0x0000000752000000, 0x0000000752200000|  0%| F|  |TAMS 0x0000000752000000| PB 0x0000000752000000| Untracked 
|  90|0x0000000752200000, 0x0000000752200000, 0x0000000752400000|  0%| F|  |TAMS 0x0000000752200000| PB 0x0000000752200000| Untracked 
|  91|0x0000000752400000, 0x00000007525ee268, 0x0000000752600000| 96%| E|  |TAMS 0x0000000752400000| PB 0x0000000752400000| Complete 
|  92|0x0000000752600000, 0x0000000752800000, 0x0000000752800000|100%| E|CS|TAMS 0x0000000752600000| PB 0x0000000752600000| Complete 
|1479|0x00000007ffc00000, 0x00000007ffd79000, 0x00000007ffe00000| 73%|OA|  |TAMS 0x00000007ffc00000| PB 0x00000007ffc00000| Untracked 
|1480|0x00000007ffe00000, 0x00000007ffe83000, 0x0000000800000000| 25%|CA|  |TAMS 0x00000007ffe00000| PB 0x00000007ffe00000| Untracked 

Card table byte_map: [0x00007fa4f0b5c000,0x00007fa4f1125000] _byte_map_base: 0x00007fa4ed125000

Marking Bits: (CMBitMap*) 0x00007fa4ec086990
 Bits: [0x00007fa4d2083000, 0x00007fa4d4ecb000)

Polling page: 0x00007fa4f34a4000

Metaspace:

Usage:
  Non-class:    915.42 KB used.
      Class:     95.49 KB used.
       Both:   1010.91 KB used.

Virtual space:
  Non-class space:       64.00 MB reserved,       1.00 MB (  2%) committed,  1 nodes.
      Class space:        1.00 GB reserved,     128.00 KB ( <1%) committed,  1 nodes.
             Both:        1.06 GB reserved,       1.12 MB ( <1%) committed. 

Chunk freelists:
   Non-Class:  3.84 MB
       Class:  3.69 MB
        Both:  7.53 MB

MaxMetaspaceSize: unlimited
CompressedClassSpaceSize: 1.00 GB
Initial GC threshold: 21.00 MB
Current GC threshold: 21.00 MB
CDS: on
MetaspaceReclaimPolicy: balanced
 - commit_granule_bytes: 65536.
 - commit_granule_words: 8192.
 - virtual_space_node_default_size: 8388608.
 - enlarge_chunks_in_place: 1.
 - new_chunks_are_fully_committed: 0.
 - uncommit_free_chunks: 1.
 - use_allocation_guard: 0.


Internal statistics:

num_allocs_failed_limit: 0.
num_arena_births: 78.
num_arena_deaths: 0.
num_vsnodes_births: 2.
num_vsnodes_deaths: 0.
num_space_committed: 18.
num_space_uncommitted: 0.
num_chunks_returned_to_freelist: 0.
num_chunks_taken_from_freelist: 117.
num_chunk_merges: 0.
num_chunk_splits: 58.
num_chunks_enlarged: 10.
num_inconsistent_stats: 0.

CodeHeap 'non-profiled nmethods': size=120032Kb used=125Kb max_used=125Kb free=119907Kb
 bounds [0x00007fa4dc993000, 0x00007fa4dcc03000, 0x00007fa4e3ecb000]
CodeHeap 'profiled nmethods': size=120028Kb used=529Kb max_used=529Kb free=119498Kb
 bounds [0x00007fa4d4ecb000, 0x00007fa4d513b000, 0x00007fa4dc402000]
CodeHeap 'non-nmethods': size=5700Kb used=1351Kb max_used=1375Kb free=4348Kb
 bounds [0x00007fa4dc402000, 0x00007fa4dc672000, 0x00007fa4dc993000]
 total_blobs=818 nmethods=403 adapters=327
 compilation: enabled
              stopped_count=0, restarted_count=0
 full_count=0

Compilation events (20 events):
Event: 0.245 Thread 0x00007fa4ec13ab50 nmethod 396 0x00007fa4d4f4cc90 code [0x00007fa4d4f4ce20, 0x00007fa4d4f4cf88]
Event: 0.245 Thread 0x00007fa4ec13ab50  395       3       java.lang.reflect.Modifier::isPublic (12 bytes)
Event: 0.245 Thread 0x00007fa4ec13ab50 nmethod 395 0x00007fa4d4f4d090 code [0x00007fa4d4f4d220, 0x00007fa4d4f4d368]
Event: 0.247 Thread 0x00007fa44c0401c0  397       4       java.lang.StringUTF16::getChar (60 bytes)
Event: 0.248 Thread 0x00007fa44c0401c0 nmethod 397 0x00007fa4dc9b0f90 code [0x00007fa4dc9b1100, 0x00007fa4dc9b11d0]
Event: 0.248 Thread 0x00007fa44c0401c0  390       4       java.util.HashMap::afterNodeInsertion (1 bytes)
Event: 0.248 Thread 0x00007fa44c0401c0 nmethod 390 0x00007fa4dc9b1290 code [0x00007fa4dc9b1400, 0x00007fa4dc9b1488]
Event: 0.248 Thread 0x00007fa4ec13ab50  398       3       java.lang.StringConcatHelper::mix (27 bytes)
Event: 0.249 Thread 0x00007fa4ec13ab50 nmethod 398 0x00007fa4d4f4d410 code [0x00007fa4d4f4d5e0, 0x00007fa4d4f4d9d8]
Event: 0.249 Thread 0x00007fa4ec13ab50  400       3       java.lang.invoke.DirectMethodHandle::internalMemberName (8 bytes)
Event: 0.249 Thread 0x00007fa4ec13ab50 nmethod 400 0x00007fa4d4f4db90 code [0x00007fa4d4f4dd20, 0x00007fa4d4f4df08]
Event: 0.249 Thread 0x00007fa4ec13ab50  399       3       java.lang.StringConcatHelper::checkOverflow (17 bytes)
Event: 0.249 Thread 0x00007fa4ec13ab50 nmethod 399 0x00007fa4d4f4e010 code [0x00007fa4d4f4e1a0, 0x00007fa4d4f4e370]
Event: 0.250 Thread 0x00007fa4ec13ab50  401       3       java.lang.StringConcatHelper::prepend (37 bytes)
Event: 0.250 Thread 0x00007fa4ec13ab50 nmethod 401 0x00007fa4d4f4e410 code [0x00007fa4d4f4e5c0, 0x00007fa4d4f4e880]
Event: 0.250 Thread 0x00007fa4ec13ab50  402       3       java.lang.StringConcatHelper::stringOf (20 bytes)
Event: 0.251 Thread 0x00007fa4ec13ab50 nmethod 402 0x00007fa4d4f4ea10 code [0x00007fa4d4f4eba0, 0x00007fa4d4f4edd0]
Event: 0.251 Thread 0x00007fa4ec13ab50  403       3       java.io.UnixFileSystem::isInvalid (17 bytes)
Event: 0.251 Thread 0x00007fa4ec13ab50 nmethod 403 0x00007fa4d4f4ee90 code [0x00007fa4d4f4f060, 0x00007fa4d4f4f448]
Event: 0.261 Thread 0x00007fa4ec1395b0 nmethod 387 0x00007fa4dc9b1590 code [0x00007fa4dc9b1740, 0x00007fa4dc9b1e60]

GC Heap History (0 events):
No events

Dll operation events (6 events):
Event: 0.002 Loaded shared library /usr/lib/jvm/jdk-20/lib/libjava.so
Event: 0.019 Loaded shared library /usr/lib/jvm/jdk-20/lib/libjsvml.so
Event: 0.048 Loaded shared library /usr/lib/jvm/jdk-20/lib/libnio.so
Event: 0.051 Loaded shared library /usr/lib/jvm/jdk-20/lib/libzip.so
Event: 0.113 Loaded shared library /usr/lib/jvm/jdk-20/lib/libjimage.so
Event: 0.248 Loaded shared library /home/twisted/GradleProjects/Serial4j-v1/serial4j-examples/libs/bin/libserial4j.so

Deoptimization events (10 events):
Event: 0.151 Thread 0x00007fa4ec02b4a0 DEOPT PACKING pc=0x00007fa4d4ed04ca sp=0x00007fa4f1e0d6d0
Event: 0.151 Thread 0x00007fa4ec02b4a0 DEOPT UNPACKING pc=0x00007fa4dc46b9af sp=0x00007fa4f1e0cb10 mode 0
Event: 0.244 Thread 0x00007fa4ec02b4a0 Uncommon trap: trap_request=0xffffff45 fr.pc=0x00007fa4dc9ad2ec relative=0x000000000000006c
Event: 0.244 Thread 0x00007fa4ec02b4a0 Uncommon trap: reason=unstable_if action=reinterpret pc=0x00007fa4dc9ad2ec method=java.lang.String.isLatin1()Z @ 10 c2
Event: 0.244 Thread 0x00007fa4ec02b4a0 DEOPT PACKING pc=0x00007fa4dc9ad2ec sp=0x00007fa4f1e0e340
Event: 0.244 Thread 0x00007fa4ec02b4a0 DEOPT UNPACKING pc=0x00007fa4dc46b219 sp=0x00007fa4f1e0e2f0 mode 2
Event: 0.249 Thread 0x00007fa4ec02b4a0 Uncommon trap: trap_request=0xffffff76 fr.pc=0x00007fa4dc9b0bd8 relative=0x00000000000001b8
Event: 0.249 Thread 0x00007fa4ec02b4a0 Uncommon trap: reason=predicate action=maybe_recompile pc=0x00007fa4dc9b0bd8 method=java.util.regex.Pattern$BmpCharPropertyGreedy.match(Ljava/util/regex/Matcher;ILjava/lang/CharSequence;)Z @ 12 c2
Event: 0.249 Thread 0x00007fa4ec02b4a0 DEOPT PACKING pc=0x00007fa4dc9b0bd8 sp=0x00007fa4f1e0e660
Event: 0.249 Thread 0x00007fa4ec02b4a0 DEOPT UNPACKING pc=0x00007fa4dc46b219 sp=0x00007fa4f1e0e638 mode 2

Classes loaded (20 events):
Event: 0.220 Loading class sun/util/logging/resources/logging_en
Event: 0.220 Loading class sun/util/logging/resources/logging_en done
Event: 0.225 Loading class sun/util/logging/resources/logging_en_US
Event: 0.225 Loading class sun/util/logging/resources/logging_en_US done
Event: 0.225 Loading class sun/util/logging/resources/logging_en_US
Event: 0.225 Loading class sun/util/logging/resources/logging_en_US done
Event: 0.229 Loading class java/util/Formatter$DateTime
Event: 0.229 Loading class java/util/Formatter$DateTime done
Event: 0.229 Loading class java/util/Formatter$FixedString
Event: 0.229 Loading class java/util/Formatter$FixedString done
Event: 0.230 Loading class java/time/ZonedDateTime$1
Event: 0.230 Loading class java/time/ZonedDateTime$1 done
Event: 0.232 Loading class jdk/internal/module/ModulePatcher$PatchedModuleReader
Event: 0.233 Loading class jdk/internal/module/ModulePatcher$PatchedModuleReader done
Event: 0.233 Loading class sun/net/www/protocol/jrt/Handler
Event: 0.233 Loading class sun/net/www/protocol/jrt/Handler done
Event: 0.240 Loading class sun/text/resources/cldr/FormatData_en
Event: 0.240 Loading class sun/text/resources/cldr/FormatData_en done
Event: 0.240 Loading class sun/text/resources/cldr/FormatData_en_US
Event: 0.240 Loading class sun/text/resources/cldr/FormatData_en_US done

Classes unloaded (0 events):
No events

Classes redefined (0 events):
No events

Internal exceptions (2 events):
Event: 0.172 Thread 0x00007fa4ec02b4a0 Exception <a 'java/lang/NoSuchMethodError'{0x00000007524c3648}: 'void java.lang.invoke.DirectMethodHandle$Holder.invokeSpecial(java.lang.Object, java.lang.Object, java.lang.Object)'> (0x00000007524c3648) 
thrown [open/src/hotspot/share/interpreter/linkResolver.cpp, line 772]
Event: 0.218 Thread 0x00007fa4ec02b4a0 Exception <a 'java/lang/ClassNotFoundException'{0x00000007525707d0}: sun/util/logging/resources/spi/loggingProvider> (0x00000007525707d0) 
thrown [open/src/hotspot/share/classfile/systemDictionary.cpp, line 305]

VM Operations (0 events):
No events

Events (20 events):
Event: 0.027 Thread 0x00007fa4ec132270 Thread added: 0x00007fa4ec132270
Event: 0.027 Protecting memory [0x00007fa4c3563000,0x00007fa4c3567000] with protection modes 0
Event: 0.027 Thread 0x00007fa4ec1337a0 Thread added: 0x00007fa4ec1337a0
Event: 0.028 Protecting memory [0x00007fa4c3463000,0x00007fa4c3467000] with protection modes 0
Event: 0.028 Thread 0x00007fa4ec135280 Thread added: 0x00007fa4ec135280
Event: 0.028 Protecting memory [0x00007fa4c3363000,0x00007fa4c3367000] with protection modes 0
Event: 0.028 Thread 0x00007fa4ec136710 Thread added: 0x00007fa4ec136710
Event: 0.028 Protecting memory [0x00007fa4c3263000,0x00007fa4c3267000] with protection modes 0
Event: 0.028 Thread 0x00007fa4ec137b90 Thread added: 0x00007fa4ec137b90
Event: 0.028 Protecting memory [0x00007fa4c3163000,0x00007fa4c3167000] with protection modes 0
Event: 0.028 Thread 0x00007fa4ec1395b0 Thread added: 0x00007fa4ec1395b0
Event: 0.028 Protecting memory [0x00007fa4c3063000,0x00007fa4c3067000] with protection modes 0
Event: 0.029 Thread 0x00007fa4ec13ab50 Thread added: 0x00007fa4ec13ab50
Event: 0.029 Protecting memory [0x00007fa4c2f63000,0x00007fa4c2f67000] with protection modes 0
Event: 0.043 Thread 0x00007fa4ec149a60 Thread added: 0x00007fa4ec149a60
Event: 0.043 Protecting memory [0x00007fa4c2e63000,0x00007fa4c2e67000] with protection modes 0
Event: 0.045 Thread 0x00007fa4ec14e110 Thread added: 0x00007fa4ec14e110
Event: 0.045 Protecting memory [0x00007fa4c2c61000,0x00007fa4c2c65000] with protection modes 0
Event: 0.206 Thread 0x00007fa44c0401c0 Thread added: 0x00007fa44c0401c0
Event: 0.207 Protecting memory [0x00007fa4c2b61000,0x00007fa4c2b65000] with protection modes 0


Dynamic libraries:
746e00000-752800000 rw-p 00000000 00:00 0 
752800000-7ffc00000 ---p 00000000 00:00 0 
7ffc00000-7ffd00000 rw-p 00000000 00:00 0 
7ffd00000-7ffd79000 rw-p 00d3e000 08:09 2097578                          /usr/lib/jvm/jdk-20/lib/server/classes.jsa
7ffd79000-7ffe00000 rw-p 00000000 00:00 0 
7ffe00000-7ffe83000 rw-p 00cbb000 08:09 2097578                          /usr/lib/jvm/jdk-20/lib/server/classes.jsa
7ffe83000-800000000 rw-p 00000000 00:00 0 
5620811c3000-5620811c4000 r-xp 00000000 08:09 2097494                    /usr/lib/jvm/jdk-20/bin/java
5620811c5000-5620811c6000 r--p 00001000 08:09 2097494                    /usr/lib/jvm/jdk-20/bin/java
5620811c6000-5620811c7000 rw-p 00002000 08:09 2097494                    /usr/lib/jvm/jdk-20/bin/java
562081f0d000-562081f54000 rw-p 00000000 00:00 0                          [heap]
7fa43c000000-7fa43c021000 rw-p 00000000 00:00 0 
7fa43c021000-7fa440000000 ---p 00000000 00:00 0 
7fa444000000-7fa444021000 rw-p 00000000 00:00 0 
7fa444021000-7fa448000000 ---p 00000000 00:00 0 
7fa448000000-7fa448021000 rw-p 00000000 00:00 0 
7fa448021000-7fa44c000000 ---p 00000000 00:00 0 
7fa44c000000-7fa44c150000 rw-p 00000000 00:00 0 
7fa44c150000-7fa450000000 ---p 00000000 00:00 0 
7fa450000000-7fa450021000 rw-p 00000000 00:00 0 
7fa450021000-7fa454000000 ---p 00000000 00:00 0 
7fa454000000-7fa454021000 rw-p 00000000 00:00 0 
7fa454021000-7fa458000000 ---p 00000000 00:00 0 
7fa458000000-7fa45812d000 rw-p 00000000 00:00 0 
7fa45812d000-7fa45c000000 ---p 00000000 00:00 0 
7fa45c000000-7fa45c021000 rw-p 00000000 00:00 0 
7fa45c021000-7fa460000000 ---p 00000000 00:00 0 
7fa460000000-7fa460021000 rw-p 00000000 00:00 0 
7fa460021000-7fa464000000 ---p 00000000 00:00 0 
7fa464000000-7fa464021000 rw-p 00000000 00:00 0 
7fa464021000-7fa468000000 ---p 00000000 00:00 0 
7fa468000000-7fa468021000 rw-p 00000000 00:00 0 
7fa468021000-7fa46c000000 ---p 00000000 00:00 0 
7fa46c000000-7fa46c021000 rw-p 00000000 00:00 0 
7fa46c021000-7fa470000000 ---p 00000000 00:00 0 
7fa473000000-7fa473c7e000 rw-p 00001000 08:09 2097578                    /usr/lib/jvm/jdk-20/lib/server/classes.jsa
7fa473c7e000-7fa474000000 ---p 00000000 00:00 0 
7fa474000000-7fa474010000 rw-p 00000000 00:00 0 
7fa474010000-7fa474040000 ---p 00000000 00:00 0 
7fa474040000-7fa474050000 rw-p 00000000 00:00 0 
7fa474050000-7fa4b4000000 ---p 00000000 00:00 0 
7fa4b4000000-7fa4b4021000 rw-p 00000000 00:00 0 
7fa4b4021000-7fa4b8000000 ---p 00000000 00:00 0 
7fa4b8000000-7fa4b80d0000 rw-p 00000000 00:00 0 
7fa4b80d0000-7fa4b8400000 ---p 00000000 00:00 0 
7fa4b8400000-7fa4b8430000 rw-p 00000000 00:00 0 
7fa4b8430000-7fa4bc000000 ---p 00000000 00:00 0 
7fa4bc000000-7fa4bc021000 rw-p 00000000 00:00 0 
7fa4bc021000-7fa4c0000000 ---p 00000000 00:00 0 
7fa4c255b000-7fa4c2947000 rw-p 00000000 00:00 0 
7fa4c2947000-7fa4c29e0000 r--p 00000000 08:09 655390                     /usr/lib/x86_64-linux-gnu/libstdc++.so.6.0.30
7fa4c29e0000-7fa4c2ae1000 r-xp 00099000 08:09 655390                     /usr/lib/x86_64-linux-gnu/libstdc++.so.6.0.30
7fa4c2ae1000-7fa4c2b50000 r--p 0019a000 08:09 655390                     /usr/lib/x86_64-linux-gnu/libstdc++.so.6.0.30
7fa4c2b50000-7fa4c2b5b000 r--p 00209000 08:09 655390                     /usr/lib/x86_64-linux-gnu/libstdc++.so.6.0.30
7fa4c2b5b000-7fa4c2b5e000 rw-p 00214000 08:09 655390                     /usr/lib/x86_64-linux-gnu/libstdc++.so.6.0.30
7fa4c2b5e000-7fa4c2b61000 rw-p 00000000 00:00 0 
7fa4c2b61000-7fa4c2b65000 ---p 00000000 00:00 0 
7fa4c2b65000-7fa4c2c61000 rw-p 00000000 00:00 0 
7fa4c2c61000-7fa4c2c65000 ---p 00000000 00:00 0 
7fa4c2c65000-7fa4c2d61000 rw-p 00000000 00:00 0 
7fa4c2d61000-7fa4c2d62000 ---p 00000000 00:00 0 
7fa4c2d62000-7fa4c2e63000 rw-p 00000000 00:00 0 
7fa4c2e63000-7fa4c2e67000 ---p 00000000 00:00 0 
7fa4c2e67000-7fa4c2f63000 rw-p 00000000 00:00 0 
7fa4c2f63000-7fa4c2f67000 ---p 00000000 00:00 0 
7fa4c2f67000-7fa4c3063000 rw-p 00000000 00:00 0 
7fa4c3063000-7fa4c3067000 ---p 00000000 00:00 0 
7fa4c3067000-7fa4c3163000 rw-p 00000000 00:00 0 
7fa4c3163000-7fa4c3167000 ---p 00000000 00:00 0 
7fa4c3167000-7fa4c3263000 rw-p 00000000 00:00 0 
7fa4c3263000-7fa4c3267000 ---p 00000000 00:00 0 
7fa4c3267000-7fa4c3363000 rw-p 00000000 00:00 0 
7fa4c3363000-7fa4c3367000 ---p 00000000 00:00 0 
7fa4c3367000-7fa4c3463000 rw-p 00000000 00:00 0 
7fa4c3463000-7fa4c3467000 ---p 00000000 00:00 0 
7fa4c3467000-7fa4c3563000 rw-p 00000000 00:00 0 
7fa4c3563000-7fa4c3567000 ---p 00000000 00:00 0 
7fa4c3567000-7fa4c3663000 rw-p 00000000 00:00 0 
7fa4c3663000-7fa4c394c000 r--p 00000000 08:09 695504                     /usr/lib/locale/locale-archive
7fa4c394c000-7fa4c394d000 ---p 00000000 00:00 0 
7fa4c394d000-7fa4c3a4e000 rw-p 00000000 00:00 0 
7fa4c3a4e000-7fa4c3b1c000 r-xp 00000000 08:09 2097587                    /usr/lib/jvm/jdk-20/lib/libjsvml.so
7fa4c3b1c000-7fa4c3b1d000 r--p 000cd000 08:09 2097587                    /usr/lib/jvm/jdk-20/lib/libjsvml.so
7fa4c3b1d000-7fa4c3b1e000 rw-p 000ce000 08:09 2097587                    /usr/lib/jvm/jdk-20/lib/libjsvml.so
7fa4c3b1e000-7fa4c3bfa000 rw-p 00000000 00:00 0 
7fa4c3bfa000-7fa4c3bfb000 ---p 00000000 00:00 0 
7fa4c3bfb000-7fa4c3cfc000 rw-p 00000000 00:00 0 
7fa4c3cfc000-7fa4c3cfd000 ---p 00000000 00:00 0 
7fa4c3cfd000-7fa4c4000000 rw-p 00000000 00:00 0 
7fa4c4000000-7fa4c4021000 rw-p 00000000 00:00 0 
7fa4c4021000-7fa4c8000000 ---p 00000000 00:00 0 
7fa4c8000000-7fa4c8021000 rw-p 00000000 00:00 0 
7fa4c8021000-7fa4cc000000 ---p 00000000 00:00 0 
7fa4cc000000-7fa4cc021000 rw-p 00000000 00:00 0 
7fa4cc021000-7fa4d0000000 ---p 00000000 00:00 0 
7fa4d0022000-7fa4d0025000 r--p 00000000 08:09 656027                     /usr/lib/x86_64-linux-gnu/libgcc_s.so.1
7fa4d0025000-7fa4d003c000 r-xp 00003000 08:09 656027                     /usr/lib/x86_64-linux-gnu/libgcc_s.so.1
7fa4d003c000-7fa4d0040000 r--p 0001a000 08:09 656027                     /usr/lib/x86_64-linux-gnu/libgcc_s.so.1
7fa4d0040000-7fa4d0041000 r--p 0001d000 08:09 656027                     /usr/lib/x86_64-linux-gnu/libgcc_s.so.1
7fa4d0041000-7fa4d0042000 rw-p 0001e000 08:09 656027                     /usr/lib/x86_64-linux-gnu/libgcc_s.so.1
7fa4d0042000-7fa4d236b000 rw-p 00000000 00:00 0 
7fa4d236b000-7fa4d4ebb000 ---p 00000000 00:00 0 
7fa4d4ebb000-7fa4d4ecb000 rw-p 00000000 00:00 0 
7fa4d4ecb000-7fa4d513b000 rwxp 00000000 00:00 0 
7fa4d513b000-7fa4dc402000 ---p 00000000 00:00 0 
7fa4dc402000-7fa4dc672000 rwxp 00000000 00:00 0 
7fa4dc672000-7fa4dc993000 ---p 00000000 00:00 0 
7fa4dc993000-7fa4dcc03000 rwxp 00000000 00:00 0 
7fa4dcc03000-7fa4e3ecb000 ---p 00000000 00:00 0 
7fa4e3ecb000-7fa4ec000000 r--s 00000000 08:09 2097570                    /usr/lib/jvm/jdk-20/lib/modules
7fa4ec000000-7fa4ec42b000 rw-p 00000000 00:00 0 
7fa4ec42b000-7fa4f0000000 ---p 00000000 00:00 0 
7fa4f0015000-7fa4f001c000 r--s 00000000 08:09 695612                     /usr/lib/x86_64-linux-gnu/gconv/gconv-modules.cache
7fa4f001c000-7fa4f0023000 r--p 00000000 08:0a 8653166                    /home/twisted/GradleProjects/Serial4j-v1/serial4j-examples/libs/bin/libserial4j.so
7fa4f0023000-7fa4f0026000 r-xp 00007000 08:0a 8653166                    /home/twisted/GradleProjects/Serial4j-v1/serial4j-examples/libs/bin/libserial4j.so
7fa4f0026000-7fa4f0029000 r--p 0000a000 08:0a 8653166                    /home/twisted/GradleProjects/Serial4j-v1/serial4j-examples/libs/bin/libserial4j.so
7fa4f0029000-7fa4f002a000 r--p 0000c000 08:0a 8653166                    /home/twisted/GradleProjects/Serial4j-v1/serial4j-examples/libs/bin/libserial4j.so
7fa4f002a000-7fa4f002b000 rw-p 0000d000 08:0a 8653166                    /home/twisted/GradleProjects/Serial4j-v1/serial4j-examples/libs/bin/libserial4j.so
7fa4f002b000-7fa4f0032000 r-xp 00000000 08:09 2097600                    /usr/lib/jvm/jdk-20/lib/libzip.so
7fa4f0032000-7fa4f0033000 ---p 00007000 08:09 2097600                    /usr/lib/jvm/jdk-20/lib/libzip.so
7fa4f0033000-7fa4f0034000 r--p 00007000 08:09 2097600                    /usr/lib/jvm/jdk-20/lib/libzip.so
7fa4f0034000-7fa4f0035000 rw-p 00008000 08:09 2097600                    /usr/lib/jvm/jdk-20/lib/libzip.so
7fa4f0035000-7fa4f0041000 r-xp 00000000 08:09 2097615                    /usr/lib/jvm/jdk-20/lib/libnet.so
7fa4f0041000-7fa4f0042000 r--p 0000b000 08:09 2097615                    /usr/lib/jvm/jdk-20/lib/libnet.so
7fa4f0042000-7fa4f0043000 rw-p 0000c000 08:09 2097615                    /usr/lib/jvm/jdk-20/lib/libnet.so
7fa4f0043000-7fa4f0056000 r-xp 00000000 08:09 2097623                    /usr/lib/jvm/jdk-20/lib/libnio.so
7fa4f0056000-7fa4f0057000 ---p 00013000 08:09 2097623                    /usr/lib/jvm/jdk-20/lib/libnio.so
7fa4f0057000-7fa4f0058000 r--p 00013000 08:09 2097623                    /usr/lib/jvm/jdk-20/lib/libnio.so
7fa4f0058000-7fa4f0059000 rw-p 00014000 08:09 2097623                    /usr/lib/jvm/jdk-20/lib/libnio.so
7fa4f0059000-7fa4f025b000 rw-p 00000000 00:00 0 
7fa4f025b000-7fa4f025c000 ---p 00000000 00:00 0 
7fa4f025c000-7fa4f035d000 rw-p 00000000 00:00 0 
7fa4f035d000-7fa4f035e000 ---p 00000000 00:00 0 
7fa4f035e000-7fa4f045f000 rw-p 00000000 00:00 0 
7fa4f045f000-7fa4f0460000 ---p 00000000 00:00 0 
7fa4f0460000-7fa4f05f0000 rw-p 00000000 00:00 0 
7fa4f05f0000-7fa4f0b5a000 ---p 00000000 00:00 0 
7fa4f0b5a000-7fa4f0bb9000 rw-p 00000000 00:00 0 
7fa4f0bb9000-7fa4f1123000 ---p 00000000 00:00 0 
7fa4f1123000-7fa4f1182000 rw-p 00000000 00:00 0 
7fa4f1182000-7fa4f16ec000 ---p 00000000 00:00 0 
7fa4f16ec000-7fa4f1af7000 rw-p 00000000 00:00 0 
7fa4f1af7000-7fa4f1bdd000 ---p 00000000 00:00 0 
7fa4f1bdd000-7fa4f1be2000 rw-p 00000000 00:00 0 
7fa4f1be2000-7fa4f1cc8000 ---p 00000000 00:00 0 
7fa4f1cc8000-7fa4f1cee000 r-xp 00000000 08:09 2097594                    /usr/lib/jvm/jdk-20/lib/libjava.so
7fa4f1cee000-7fa4f1cef000 ---p 00026000 08:09 2097594                    /usr/lib/jvm/jdk-20/lib/libjava.so
7fa4f1cef000-7fa4f1cf0000 r--p 00026000 08:09 2097594                    /usr/lib/jvm/jdk-20/lib/libjava.so
7fa4f1cf0000-7fa4f1cf1000 rw-p 00027000 08:09 2097594                    /usr/lib/jvm/jdk-20/lib/libjava.so
7fa4f1cf1000-7fa4f1cf2000 rw-p 00000000 00:00 0 
7fa4f1cf2000-7fa4f1d0d000 r-xp 00000000 08:09 2097608                    /usr/lib/jvm/jdk-20/lib/libjimage.so
7fa4f1d0d000-7fa4f1d0e000 ---p 0001b000 08:09 2097608                    /usr/lib/jvm/jdk-20/lib/libjimage.so
7fa4f1d0e000-7fa4f1d10000 r--p 0001b000 08:09 2097608                    /usr/lib/jvm/jdk-20/lib/libjimage.so
7fa4f1d10000-7fa4f1d11000 rw-p 0001d000 08:09 2097608                    /usr/lib/jvm/jdk-20/lib/libjimage.so
7fa4f1d11000-7fa4f1d15000 ---p 00000000 00:00 0 
7fa4f1d15000-7fa4f1e11000 rw-p 00000000 00:00 0 
7fa4f1e11000-7fa4f1e21000 r--p 00000000 08:09 685883                     /usr/lib/x86_64-linux-gnu/libm.so.6
7fa4f1e21000-7fa4f1e94000 r-xp 00010000 08:09 685883                     /usr/lib/x86_64-linux-gnu/libm.so.6
7fa4f1e94000-7fa4f1eee000 r--p 00083000 08:09 685883                     /usr/lib/x86_64-linux-gnu/libm.so.6
7fa4f1eee000-7fa4f1eef000 r--p 000dc000 08:09 685883                     /usr/lib/x86_64-linux-gnu/libm.so.6
7fa4f1eef000-7fa4f1ef0000 rw-p 000dd000 08:09 685883                     /usr/lib/x86_64-linux-gnu/libm.so.6
7fa4f1ef0000-7fa4f1ef1000 r--p 00000000 08:09 685894                     /usr/lib/x86_64-linux-gnu/librt.so.1
7fa4f1ef1000-7fa4f1ef2000 r-xp 00001000 08:09 685894                     /usr/lib/x86_64-linux-gnu/librt.so.1
7fa4f1ef2000-7fa4f1ef3000 r--p 00002000 08:09 685894                     /usr/lib/x86_64-linux-gnu/librt.so.1
7fa4f1ef3000-7fa4f1ef4000 r--p 00002000 08:09 685894                     /usr/lib/x86_64-linux-gnu/librt.so.1
7fa4f1ef4000-7fa4f1ef5000 rw-p 00003000 08:09 685894                     /usr/lib/x86_64-linux-gnu/librt.so.1
7fa4f1ef5000-7fa4f3113000 r-xp 00000000 08:09 2097579                    /usr/lib/jvm/jdk-20/lib/server/libjvm.so
7fa4f3113000-7fa4f31dd000 r--p 0121d000 08:09 2097579                    /usr/lib/jvm/jdk-20/lib/server/libjvm.so
7fa4f31dd000-7fa4f3212000 rw-p 012e7000 08:09 2097579                    /usr/lib/jvm/jdk-20/lib/server/libjvm.so
7fa4f3212000-7fa4f3275000 rw-p 00000000 00:00 0 
7fa4f3275000-7fa4f329b000 r--p 00000000 08:09 685880                     /usr/lib/x86_64-linux-gnu/libc.so.6
7fa4f329b000-7fa4f33f0000 r-xp 00026000 08:09 685880                     /usr/lib/x86_64-linux-gnu/libc.so.6
7fa4f33f0000-7fa4f3443000 r--p 0017b000 08:09 685880                     /usr/lib/x86_64-linux-gnu/libc.so.6
7fa4f3443000-7fa4f3447000 r--p 001ce000 08:09 685880                     /usr/lib/x86_64-linux-gnu/libc.so.6
7fa4f3447000-7fa4f3449000 rw-p 001d2000 08:09 685880                     /usr/lib/x86_64-linux-gnu/libc.so.6
7fa4f3449000-7fa4f3456000 rw-p 00000000 00:00 0 
7fa4f3456000-7fa4f3457000 r--p 00000000 08:09 685882                     /usr/lib/x86_64-linux-gnu/libdl.so.2
7fa4f3457000-7fa4f3458000 r-xp 00001000 08:09 685882                     /usr/lib/x86_64-linux-gnu/libdl.so.2
7fa4f3458000-7fa4f3459000 r--p 00002000 08:09 685882                     /usr/lib/x86_64-linux-gnu/libdl.so.2
7fa4f3459000-7fa4f345a000 r--p 00002000 08:09 685882                     /usr/lib/x86_64-linux-gnu/libdl.so.2
7fa4f345a000-7fa4f345b000 rw-p 00003000 08:09 685882                     /usr/lib/x86_64-linux-gnu/libdl.so.2
7fa4f345b000-7fa4f345c000 r--p 00000000 08:09 685892                     /usr/lib/x86_64-linux-gnu/libpthread.so.0
7fa4f345c000-7fa4f345d000 r-xp 00001000 08:09 685892                     /usr/lib/x86_64-linux-gnu/libpthread.so.0
7fa4f345d000-7fa4f345e000 r--p 00002000 08:09 685892                     /usr/lib/x86_64-linux-gnu/libpthread.so.0
7fa4f345e000-7fa4f345f000 r--p 00002000 08:09 685892                     /usr/lib/x86_64-linux-gnu/libpthread.so.0
7fa4f345f000-7fa4f3460000 rw-p 00003000 08:09 685892                     /usr/lib/x86_64-linux-gnu/libpthread.so.0
7fa4f3460000-7fa4f346e000 r-xp 00000000 08:09 2097584                    /usr/lib/jvm/jdk-20/lib/libjli.so
7fa4f346e000-7fa4f346f000 ---p 0000e000 08:09 2097584                    /usr/lib/jvm/jdk-20/lib/libjli.so
7fa4f346f000-7fa4f3470000 r--p 0000e000 08:09 2097584                    /usr/lib/jvm/jdk-20/lib/libjli.so
7fa4f3470000-7fa4f3471000 rw-p 0000f000 08:09 2097584                    /usr/lib/jvm/jdk-20/lib/libjli.so
7fa4f3471000-7fa4f3474000 r--p 00000000 08:09 657587                     /usr/lib/x86_64-linux-gnu/libz.so.1.2.11
7fa4f3474000-7fa4f3485000 r-xp 00003000 08:09 657587                     /usr/lib/x86_64-linux-gnu/libz.so.1.2.11
7fa4f3485000-7fa4f348b000 r--p 00014000 08:09 657587                     /usr/lib/x86_64-linux-gnu/libz.so.1.2.11
7fa4f348b000-7fa4f348c000 ---p 0001a000 08:09 657587                     /usr/lib/x86_64-linux-gnu/libz.so.1.2.11
7fa4f348c000-7fa4f348d000 r--p 0001a000 08:09 657587                     /usr/lib/x86_64-linux-gnu/libz.so.1.2.11
7fa4f348d000-7fa4f348e000 rw-p 0001b000 08:09 657587                     /usr/lib/x86_64-linux-gnu/libz.so.1.2.11
7fa4f3490000-7fa4f3495000 rw-p 00000000 00:00 0 
7fa4f3495000-7fa4f349c000 ---p 00000000 00:00 0 
7fa4f349c000-7fa4f34a4000 rw-s 00000000 08:09 3146915                    /tmp/hsperfdata_pavl-machine/30882
7fa4f34a4000-7fa4f34a5000 ---p 00000000 00:00 0 
7fa4f34a5000-7fa4f34a6000 r--p 00000000 00:00 0 
7fa4f34a6000-7fa4f34a7000 ---p 00000000 00:00 0 
7fa4f34a7000-7fa4f34a9000 rw-p 00000000 00:00 0 
7fa4f34a9000-7fa4f34aa000 r--p 00000000 08:09 685876                     /usr/lib/x86_64-linux-gnu/ld-linux-x86-64.so.2
7fa4f34aa000-7fa4f34cf000 r-xp 00001000 08:09 685876                     /usr/lib/x86_64-linux-gnu/ld-linux-x86-64.so.2
7fa4f34cf000-7fa4f34d9000 r--p 00026000 08:09 685876                     /usr/lib/x86_64-linux-gnu/ld-linux-x86-64.so.2
7fa4f34d9000-7fa4f34db000 r--p 00030000 08:09 685876                     /usr/lib/x86_64-linux-gnu/ld-linux-x86-64.so.2
7fa4f34db000-7fa4f34dd000 rw-p 00032000 08:09 685876                     /usr/lib/x86_64-linux-gnu/ld-linux-x86-64.so.2
7fffa17c3000-7fffa17e6000 rw-p 00000000 00:00 0                          [stack]
7fffa17f6000-7fffa17fa000 r--p 00000000 00:00 0                          [vvar]
7fffa17fa000-7fffa17fc000 r-xp 00000000 00:00 0                          [vdso]


VM Arguments:
jvm_args: -Dfile.encoding=UTF-8 -Duser.country=US -Duser.language=en -Duser.variant 
java_command: com.serial4j.example.Launcher
java_class_path (initial): /home/twisted/GradleProjects/Serial4j-v1/serial4j-examples/build/classes/java/main:/home/twisted/GradleProjects/Serial4j-v1/serial4j-examples/build/resources/main:/home/twisted/GradleProjects/Serial4j-v1/serial4j/build/libs/serial4j.jar:/home/twisted/GradleProjects/Serial4j-v1/serial4j-native/build/libs/serial4j-native-linux.jar:/home/pavl-machine/.gradle/caches/modules-2/files-2.1/io.github.software-hardware-codesign/snaploader/1.0.0-alpha/1aaee58e923a960599a5fe10089d8bc3489984ce/snaploader-1.0.0-alpha.jar:/home/pavl-machine/.gradle/caches/modules-2/files-2.1/org.jmonkeyengine/jme3-desktop/3.6.0-stable/3ba320405e5700db27c6a21a3f77a56e1d05ba7a/jme3-desktop-3.6.0-stable.jar:/home/pavl-machine/.gradle/caches/modules-2/files-2.1/org.jmonkeyengine/jme3-lwjgl3/3.6.0-stable/b1560dc3b74d50ebfdb9afe617b94c3f195cf1b3/jme3-lwjgl3-3.6.0-stable.jar:/home/pavl-machine/.gradle/caches/modules-2/files-2.1/com.github.stephengold/Minie/7.4.0/eaeb7b28b776dd3ef99a09afc98fd59d22ced929/Minie-7.4.0.jar:/home/pavl-machine/.gradle/caches/modules-2/files-2.1/com.github.stephengold/Heart/8.3.2/2a3a4b3f4f39bcf4f43ce687976b66878bd2856d/Heart-8.3.2.jar:/home/pavl-machine/.gradle/caches/modules-2/files-2.1/com.simsilica/sim-math/1.6.0/6a93c1b12f0c990a86f3f60cb401076a53f71b3/sim-math-1.6.0.jar:/home/pavl-machine/.gradle/caches/modules-2/files-2.1/org.jmonkeyengine/jme3-terrain/3.6.0-stable/6ab3c428c4fba53be24658008c54fbf788ef83f3/jme3-terrain-3.6.0-stable.jar:/home/pavl-machine/.gradle/caches/modules-2/files-2.1/org.jmonkeyengine/jme3-core/3.6.0-stable/4ec2e1cd3cc60d0f1facc78c273dbb4ad13ceca4/jme3-core-3.6.0-stable.jar:/home/pavl-machine/.gradle/caches/modules-2/files-2.1/org.lwjgl/lwjgl-glfw/3.3.1/cbac1b8d30cb4795149c1ef540f912671a8616d0/lwjgl-glfw-3.3.1.jar:/home/pavl-machine/.gradle/caches/modules-2/files-2.1/org.lwjgl/lwjgl-glfw/3.3.1/ed892f945cf7e79c8756796f32d00fa4ceaf573b/lwjgl-glfw-3.3.1-natives-windows.jar:/home/pavl-machine/.gradle/caches/modules-2/files-2.1/org.lwjgl/lwjgl-glfw/3.3.1/b997e3391d6ce8f05487e7335d95c606043884a1/lwjgl-glfw-3.3.1-natives-windows-x86.jar:/home/pavl-machine/.gradle/caches/modules-2/files-2.1/org.lwjgl/lwjgl-glfw/3.3.1/81716978214ecbda15050ca394b06ef61501a49e/lwjgl-glfw-3.3.1-natives-linux.jar:/home/pavl-machine/.gradle/caches/modules-2/files-2.1/org.lwjgl/lwjgl-glfw/3.3.1/816d935933f2dd743074c4e717cc25b55720f294/lwjgl-glfw-3.3.1-natives-linux-arm32.jar:/home/pavl-machine/.gradle/caches/modules-2/files-2.1/org.lwjgl/lwjgl-glfw/3.3.1/513eb39b866d0fe131a18d5c517087805433b029/lwjgl-glfw-3.3.1-natives-linux-arm64.jar:/home/pavl-machine/.gradle/caches/modules-2/files-2.1/org.lwjgl/lwjgl-glfw/3.3.1/9ec4ce1fc8c85fdef03ef4ff2aace6f5775fb280/lwjgl-glfw-3.3.1-natives-macos.jar:/home/pavl-machine/.gradle/caches/modules-2/files-2.1/org.lwjgl/lwjgl-glfw/3.3.1/cac0d3f712a3da7641fa174735a5f315de7ffe0a/lwjgl-glfw-3.3.1-natives-macos-arm64.jar:/home/pavl-machine/.gradle/caches/modules-2/files-2.1/org.lwjgl/lwjgl-jemalloc/3.3.1/a817bcf213db49f710603677457567c37d53e103/lwjgl-jemalloc-3.3.1.jar:/home/pavl-machine/.gradle/caches/modules-2/files-2.1/org.lwjgl/lwjgl-jemalloc/3.3.1/948a89b76a16aa324b046ae9308891216ffce5f9/lwjgl-jemalloc-3.3.1-natives-windows.jar:/home/pavl-machine/.gradle/caches/modules-2/files-2.1/org.lwjgl/lwjgl-jemalloc/3.3.1/fb476c8ec110e1c137ad3ce8a7f7bfe6b11c6324/lwjgl-jemalloc-3.3.1-natives-windows-x86.jar:/home/pavl-machine/.gradle/caches/modules-2/files-2.1/org.lwjgl/lwjgl-jemalloc/3.3.1/33dbb017b6ed6b25f993ad9d56741a49e7937718/lwjgl-jemalloc-3.3.1-natives-linux.jar:/home/pavl-machine/.gradle/caches/modules-2/files-2.1/org.lwjgl/lwjgl-jemalloc/3.3.1/a96a6d6cb3876d7813fcee53c3c24f246aeba3b3/lwjgl-jemalloc-3.3.1-natives-linux-arm32.jar:/home/pavl-machine/.gradle/caches/modules-2/files-2.1/org.lwjgl/lwjgl-jemalloc/3.3.1/c6606e57db075ad218a2e78d2416c159a53b6a0c/lwjgl-jemalloc-3.3.1-natives-linux-arm64.jar:/home/pavl-machine/.gradle/caches/modules-2/files-2.1/org.lwjgl/lwjgl-jemalloc/3.3.1/56424dc8db3cfb8e7b594aa6d59a4f4387b7f544/lwjgl-jemalloc-3.3.1-natives-macos.jar:/home/pavl-machine/.gradle/caches/modules-2/files-2.1/org.lwjgl/lwjgl-jemalloc/3.3.1/e577b87d8ad2ade361aaea2fcf226c660b15dee8/lwjgl-jemalloc-3.3.1-natives-macos-arm64.jar:/home/pavl-machine/.gradle/caches/modules-2/files-2.1/org.lwjgl/lwjgl-openal/3.3.1/2623a6b8ae1dfcd880738656a9f0243d2e6840bd/lwjgl-openal-3.3.1.jar:/home/pavl-machine/.gradle/caches/modules-2/files-2.1/org.lwjgl/lwjgl-openal/3.3.1/30a474d0e57193d7bc128849a3ab66bc9316fdb1/lwjgl-openal-3.3.1-natives-windows.jar:/home/pavl-machine/.gradle/caches/modules-2/files-2.1/org.lwjgl/lwjgl-openal/3.3.1/888349f7b1be6fbae58bf8edfb9ef12def04c4e3/lwjgl-openal-3.3.1-natives-windows-x86.jar:/home/pavl-machine/.gradle/caches/modules-2/files-2.1/org.lwjgl/lwjgl-openal/3.3.1/f906b6439f6daa66001182ea7727e3467a93681b/lwjgl-openal-3.3.1-natives-linux.jar:/home/pavl-machine/.gradle/caches/modules-2/files-2.1/org.lwjgl/lwjgl-openal/3.3.1/ffbe35d7fa5ec9b7eca136a7c71f24d4025a510b/lwjgl-openal-3.3.1-natives-linux-arm32.jar:/home/pavl-machine/.gradle/caches/modules-2/files-2.1/org.lwjgl/lwjgl-openal/3.3.1/cf4e303257e82981b8b2e31bba3d7f8f7b8f42b2/lwjgl-openal-3.3.1-natives-linux-arm64.jar:/home/pavl-machine/.gradle/caches/modules-2/files-2.1/org.lwjgl/lwjgl-openal/3.3.1/3a57b8911835fb58b5e558d0ca0d28157e263d45/lwjgl-openal-3.3.1-natives-macos.jar:/home/pavl-machine/.gradle/caches/modules-2/files-2.1/org.lwjgl/lwjgl-openal/3.3.1/23d55e7490b57495320f6c9e1936d78fd72c4ef8/lwjgl-openal-3.3.1-natives-macos-arm64.jar:/home/pavl-machine/.gradle/caches/modules-2/files-2.1/org.lwjgl/lwjgl-opencl/3.3.1/8e9b00d310ef80ec4343ed709efb2ae77386014d/lwjgl-opencl-3.3.1.jar:/home/pavl-machine/.gradle/caches/modules-2/files-2.1/org.lwjgl/lwjgl-opengl/3.3.1/831a5533a21a5f4f81bbc51bb13e9899319b5411/lwjgl-opengl-3.3.1.jar:/home/pavl-machine/.gradle/caches/modules-2/files-2.1/org.lwjgl/lwjgl-opengl/3.3.1/c1807e9bd571402787d7e37e3029776ae2513bb8/lwjgl-opengl-3.3.1-natives-windows.jar:/home/pavl-machine/.gradle/caches/modules-2/files-2.1/org.lwjgl/lwjgl-opengl/3.3.1/deef3eb9b178ff2ff3ce893cc72ae741c3a17974/lwjgl-opengl-3.3.1-natives-windows-x86.jar:/home/pavl-machine/.gradle/caches/modules-2/files-2.1/org.lwjgl/lwjgl-opengl/3.3.1/ab9ab6fde3743e3550fa5d46d785ecb45b047d99/lwjgl-opengl-3.3.1-natives-linux.jar:/home/pavl-machine/.gradle/caches/modules-2/files-2.1/org.lwjgl/lwjgl-opengl/3.3.1/e3550fa91097fd56e361b4370fa822220fef3595/lwjgl-opengl-3.3.1-natives-linux-arm32.jar:/home/pavl-machine/.gradle/caches/modules-2/files-2.1/org.lwjgl/lwjgl-opengl/3.3.1/1c528fb258a6e63e8fceb4482d8db0f3af10a634/lwjgl-opengl-3.3.1-natives-linux-arm64.jar:/home/pavl-machine/.gradle/caches/modules-2/files-2.1/org.lwjgl/lwjgl-opengl/3.3.1/a0d12697ea019a7362eff26475b0531340e876a6/lwjgl-opengl-3.3.1-natives-macos.jar:/home/pavl-machine/.gradle/caches/modules-2/files-2.1/org.lwjgl/lwjgl-opengl/3.3.1/eafe34b871d966292e8db0f1f3d6b8b110d4e91d/lwjgl-opengl-3.3.1-natives-macos-arm64.jar:/home/pavl-machine/.gradle/caches/modules-2/files-2.1/org.lwjgl/lwjgl/3.3.1/ae58664f88e18a9bb2c77b063833ca7aaec484cb/lwjgl-3.3.1.jar:/home/pavl-machine/.gradle/caches/modules-2/files-2.1/org.lwjgl/lwjgl/3.3.1/36c37f16ab611b3aa11f3bcf80b1d509b4ce6b/lwjgl-3.3.1-natives-windows.jar:/home/pavl-machine/.gradle/caches/modules-2/files-2.1/org.lwjgl/lwjgl/3.3.1/3b14f4beae9dd39791ec9e12190a9380cd8a3ce6/lwjgl-3.3.1-natives-windows-x86.jar:/home/pavl-machine/.gradle/caches/modules-2/files-2.1/org.lwjgl/lwjgl/3.3.1/1de885aba434f934201b99f2f1afb142036ac189/lwjgl-3.3.1-natives-linux.jar:/home/pavl-machine/.gradle/caches/modules-2/files-2.1/org.lwjgl/lwjgl/3.3.1/41a3c1dd15d6b964eb8196dde69720a3e3e5e969/lwjgl-3.3.1-natives-linux-arm32.jar:/home/pavl-machine/.gradle/caches/modules-2/files-2.1/org.lwjgl/lwjgl/3.3.1/b597401014acb7196c76d97e15a6288f54f1f692/lwjgl-3.3.1-natives-linux-arm64.jar:/home/pavl-machine/.gradle/caches/modules-2/files-2.1/org.lwjgl/lwjgl/3.3.1/fc6bb723dec2cd031557dccb2a95f0ab80acb9db/lwjgl-3.3.1-natives-macos.jar:/home/pavl-machine/.gradle/caches/modules-2/files-2.1/org.lwjgl/lwjgl/3.3.1/71d0d5e469c9c95351eb949064497e3391616ac9/lwjgl-3.3.1-natives-macos-arm64.jar:/home/pavl-machine/.gradle/caches/modules-2/files-2.1/org.slf4j/slf4j-api/1.7.32/cdcff33940d9f2de763bc41ea05a0be5941176c3/slf4j-api-1.7.32.jar
Launcher Type: SUN_STANDARD

[Global flags]
     intx CICompilerCount                          = 3                                         {product} {ergonomic}
     uint ConcGCThreads                            = 1                                         {product} {ergonomic}
     uint G1ConcRefinementThreads                  = 4                                         {product} {ergonomic}
   size_t G1HeapRegionSize                         = 2097152                                   {product} {ergonomic}
    uintx GCDrainStackTargetSize                   = 64                                        {product} {ergonomic}
   size_t InitialHeapSize                          = 195035136                                 {product} {ergonomic}
   size_t MarkStackSize                            = 4194304                                   {product} {ergonomic}
   size_t MaxHeapSize                              = 3105882112                                {product} {ergonomic}
   size_t MaxNewSize                               = 1862270976                                {product} {ergonomic}
   size_t MinHeapDeltaBytes                        = 2097152                                   {product} {ergonomic}
   size_t MinHeapSize                              = 8388608                                   {product} {ergonomic}
    uintx NonNMethodCodeHeapSize                   = 5832780                                {pd product} {ergonomic}
    uintx NonProfiledCodeHeapSize                  = 122912730                              {pd product} {ergonomic}
    uintx ProfiledCodeHeapSize                     = 122912730                              {pd product} {ergonomic}
    uintx ReservedCodeCacheSize                    = 251658240                              {pd product} {ergonomic}
     bool SegmentedCodeCache                       = true                                      {product} {ergonomic}
   size_t SoftMaxHeapSize                          = 3105882112                             {manageable} {ergonomic}
     bool UseCompressedClassPointers               = true                           {product lp64_product} {ergonomic}
     bool UseCompressedOops                        = true                           {product lp64_product} {ergonomic}
     bool UseG1GC                                  = true                                      {product} {ergonomic}

Logging:
Log output configuration:
 #0: stdout all=warning uptime,level,tags foldmultilines=false
 #1: stderr all=off uptime,level,tags foldmultilines=false

Environment Variables:
PATH=/home/pavl-machine/.sdkman/candidates/gradle/current/bin:/home/pavl-machine/.local/bin:/snap/bin:/usr/sandbox/:/usr/local/bin:/usr/bin:/bin:/usr/local/games:/usr/games:/usr/share/games:/usr/local/sbin:/usr/sbin:/sbin:/usr/local/bin:/usr/bin:/bin:/usr/local/games:/usr/games
SHELL=/bin/bash
DISPLAY=:0
LANG=en_US.UTF-8
TERM=xterm-256color

Active Locale:
LC_ALL=en_US.UTF-8
LC_COLLATE=en_US.UTF-8
LC_CTYPE=en_US.UTF-8
LC_MESSAGES=en_US.UTF-8
LC_MONETARY=en_US.UTF-8
LC_NUMERIC=en_US.UTF-8
LC_TIME=en_US.UTF-8

Signal Handlers:
   SIGSEGV: crash_handler in libjvm.so, mask=11100100010111111101111111111110, flags=SA_RESTART|SA_SIGINFO, unblocked
    SIGBUS: crash_handler in libjvm.so, mask=11100100010111111101111111111110, flags=SA_RESTART|SA_SIGINFO, unblocked
    SIGFPE: crash_handler in libjvm.so, mask=11100100010111111101111111111110, flags=SA_RESTART|SA_SIGINFO, unblocked
   SIGPIPE: javaSignalHandler in libjvm.so, mask=11100100010111111101111111111110, flags=SA_RESTART|SA_SIGINFO, blocked
   SIGXFSZ: javaSignalHandler in libjvm.so, mask=11100100010111111101111111111110, flags=SA_RESTART|SA_SIGINFO, blocked
    SIGILL: crash_handler in libjvm.so, mask=11100100010111111101111111111110, flags=SA_RESTART|SA_SIGINFO, unblocked
   SIGUSR2: SR_handler in libjvm.so, mask=00000000000000000000000000000000, flags=SA_RESTART|SA_SIGINFO, blocked
    SIGHUP: UserHandler in libjvm.so, mask=11100100010111111101111111111110, flags=SA_RESTART|SA_SIGINFO, blocked
    SIGINT: UserHandler in libjvm.so, mask=11100100010111111101111111111110, flags=SA_RESTART|SA_SIGINFO, blocked
   SIGTERM: UserHandler in libjvm.so, mask=11100100010111111101111111111110, flags=SA_RESTART|SA_SIGINFO, blocked
   SIGQUIT: UserHandler in libjvm.so, mask=11100100010111111101111111111110, flags=SA_RESTART|SA_SIGINFO, blocked
   SIGTRAP: crash_handler in libjvm.so, mask=11100100010111111101111111111110, flags=SA_RESTART|SA_SIGINFO, unblocked


---------------  S Y S T E M  ---------------

OS:
PRETTY_NAME="Debian GNU/Linux 11 (bullseye)"
NAME="Debian GNU/Linux"
VERSION_ID="11"
VERSION="11 (bullseye)"
VERSION_CODENAME=bullseye
ID=debian
HOME_URL="https://www.debian.org/"
SUPPORT_URL="https://www.debian.org/support"
BUG_REPORT_URL="https://bugs.debian.org/"
uname: Linux 5.10.0-18-amd64 #1 SMP Debian 5.10.140-1 (2022-09-02) x86_64
OS uptime: 1 days 3:14 hours
libc: glibc 2.36 NPTL 2.36 
rlimit (soft/hard): STACK 8192k/infinity , CORE 0k/infinity , NPROC 47189/47189 , NOFILE 1048576/1048576 , AS infinity/infinity , CPU infinity/infinity , DATA infinity/infinity , FSIZE infinity/infinity , MEMLOCK 1515922k/1515922k
load average: 2.17 2.55 2.37

/proc/meminfo:
MemTotal:       12127380 kB
MemFree:         3771888 kB
MemAvailable:    5796432 kB
Buffers:          359524 kB
Cached:          2145116 kB
SwapCached:          560 kB
Active:          1240608 kB
Inactive:        6622576 kB
Active(anon):      50172 kB
Inactive(anon):  5606468 kB
Active(file):    1190436 kB
Inactive(file):  1016108 kB
Unevictable:      104244 kB
Mlocked:              32 kB
SwapTotal:       6836220 kB
SwapFree:        6831988 kB
Dirty:             25640 kB
Writeback:             0 kB
AnonPages:       5422556 kB
Mapped:          1035412 kB
Shmem:            297900 kB
KReclaimable:     112844 kB
Slab:             229248 kB
SReclaimable:     112844 kB
SUnreclaim:       116404 kB
KernelStack:       15776 kB
PageTables:        49560 kB
NFS_Unstable:          0 kB
Bounce:                0 kB
WritebackTmp:          0 kB
CommitLimit:    12899908 kB
Committed_AS:   13266168 kB
VmallocTotal:   34359738367 kB
VmallocUsed:       49628 kB
VmallocChunk:          0 kB
Percpu:             3616 kB
HardwareCorrupted:     0 kB
AnonHugePages:   3219456 kB
ShmemHugePages:        0 kB
ShmemPmdMapped:        0 kB
FileHugePages:         0 kB
FilePmdMapped:         0 kB
HugePages_Total:       0
HugePages_Free:        0
HugePages_Rsvd:        0
HugePages_Surp:        0
Hugepagesize:       2048 kB
Hugetlb:               0 kB
DirectMap4k:      391444 kB
DirectMap2M:    12054528 kB
DirectMap1G:     1048576 kB

/sys/kernel/mm/transparent_hugepage/enabled: [always] madvise never
/sys/kernel/mm/transparent_hugepage/defrag (defrag/compaction efforts parameter): always defer defer+madvise [madvise] never

Process Memory:
Virtual Size: 5883632K (peak: 5942784K)
Resident Set Size: 51132K (peak: 51132K) (anon: 29860K, file: 21272K, shmem: 0K)
Swapped out: 0K
C-Heap outstanding allocations: 20025K, retained: 2174K
glibc malloc tunables: (default)

/proc/sys/kernel/threads-max (system-wide limit on the number of threads): 94378
/proc/sys/vm/max_map_count (maximum number of memory map areas a process may have): 65530
/proc/sys/kernel/pid_max (system-wide limit on number of process identifiers): 4194304

container (cgroup) information:
container_type: cgroupv2
cpu_cpuset_cpus: not supported
cpu_memory_nodes: not supported
active_processor_count: 4
cpu_quota: not supported
cpu_period: not supported
cpu_shares: not supported
memory_limit_in_bytes: unlimited
memory_and_swap_limit_in_bytes: unlimited
memory_soft_limit_in_bytes: unlimited
memory_usage_in_bytes: 4846028 k
memory_max_usage_in_bytes: not supported
memory_swap_current_in_bytes: 960 k
memory_swap_max_limit_in_bytes: unlimited
maximum number of tasks: unlimited
current number of tasks: 377

Steal ticks since vm start: 0
Steal ticks percentage since vm start:  0.000

CPU: total 4 (initial active 4) (2 cores per cpu, 2 threads per core) family 6 model 142 stepping 9 microcode 0x8e, cx8, cmov, fxsr, ht, mmx, 3dnowpref, sse, sse2, sse3, ssse3, sse4.1, sse4.2, popcnt, lzcnt, tsc, tscinvbit, avx, avx2, aes, erms, clmul, bmi1, bmi2, adx, fma, vzeroupper, clflush, clflushopt, rdtscp, f16c
CPU Model and flags from /proc/cpuinfo:
model name	: Intel(R) Core(TM) i3-7020U CPU @ 2.30GHz
flags		: fpu vme de pse tsc msr pae mce cx8 apic sep mtrr pge mca cmov pat pse36 clflush dts acpi mmx fxsr sse sse2 ss ht tm pbe syscall nx pdpe1gb rdtscp lm constant_tsc art arch_perfmon pebs bts rep_good nopl xtopology nonstop_tsc cpuid aperfmperf pni pclmulqdq dtes64 monitor ds_cpl vmx est tm2 ssse3 sdbg fma cx16 xtpr pdcm pcid sse4_1 sse4_2 x2apic movbe popcnt tsc_deadline_timer aes xsave avx f16c rdrand lahf_lm abm 3dnowprefetch cpuid_fault epb invpcid_single pti ssbd ibrs ibpb stibp tpr_shadow vnmi flexpriority ept vpid ept_ad fsgsbase tsc_adjust bmi1 avx2 smep bmi2 erms invpcid mpx rdseed adx smap clflushopt intel_pt xsaveopt xsavec xgetbv1 xsaves dtherm arat pln pts hwp hwp_notify hwp_act_window hwp_epp flush_l1d

Online cpus: 0-3
Offline cpus: 
BIOS frequency limitation: <Not Available>
Frequency switch latency (ns): 0
Available cpu frequencies: <Not Available>
Current governor: powersave
Core performance/turbo boost: <Not Available>

Memory: 4k page, physical 12127380k(3771888k free), swap 6836220k(6831988k free)
Page Sizes: 4k

vm_info: Java HotSpot(TM) 64-Bit Server VM (20.0.2+9-78) for linux-amd64 JRE (20.0.2+9-78), built on 2023-06-14T10:08:48Z by "mach5one" with gcc 11.2.0

END.
