#
# A fatal error has been detected by the Java Runtime Environment:
#
#  SIGSEGV (0xb) at pc=0x0000000000002000, pid=6170, tid=6202
#
# JRE version: Java(TM) SE Runtime Environment (20.0.2+9) (build 20.0.2+9-78)
# Java VM: Java HotSpot(TM) 64-Bit Server VM (20.0.2+9-78, mixed mode, sharing, tiered, compressed oops, compressed class ptrs, g1 gc, linux-amd64)
# Problematic frame:
# C  [libserial4j.so+0xb721]  TerminalDevice::closePort()+0x81
#
# Core dump will be written. Default location: Core dumps may be processed with "/usr/share/apport/apport -p%p -s%s -c%c -d%d -P%P -u%u -g%g -- %E" (or dumping to /media/pavl-x86-machine/pavl-g/Projects/Electrostatic-Sandbox/electrostatic-sandbox-framework/electrostatic4j/serial4j/serial4j-examples/core.6170)
#
# If you would like to submit a bug report, please visit:
#   https://bugreport.java.com/bugreport/crash.jsp
# The crash happened outside the Java Virtual Machine in native code.
# See problematic frame for where to report the bug.
#

---------------  S U M M A R Y ------------

Command Line: -Dfile.encoding=UTF-8 -Duser.country=US -Duser.language=en -Duser.variant com.serial4j.example.Launcher com.serial4j.example.serial4j.HelloNativeSerial4J /dev/ttyUSB0

Host: Intel(R) Core(TM) i3-7020U CPU @ 2.30GHz, 4 cores, 11G, Ubuntu 24.04.1 LTS
Time: Sun Sep  8 15:57:14 2024 EEST elapsed time: 1.806701 seconds (0d 0h 0m 1s)

---------------  T H R E A D  ---------------

Current thread (0x00007d44384351d0):  JavaThread "Thread-0" [_thread_in_native, id=6202, stack(0x00007d4415e00000,0x00007d4415f00000)]

Stack: [0x00007d4415e00000,0x00007d4415f00000],  sp=0x00007d4415efe6f0,  free space=1017k
Native frames: (J=compiled Java code, j=interpreted, Vv=VM code, C=native code)
C  [libserial4j.so+0xb721]  TerminalDevice::closePort()+0x81
Java frames: (J=compiled Java code, j=interpreted, Vv=VM code)
j  com.serial4j.core.terminal.NativeTerminalDevice.closePort()I+0
j  com.serial4j.core.terminal.TerminalDevice.closePort()V+52
j  com.serial4j.example.serial4j.HelloNativeSerial4J$1.run()V+55
j  java.lang.Thread.runWith(Ljava/lang/Object;Ljava/lang/Runnable;)V+5 java.base@20.0.2
j  java.lang.Thread.run()V+19 java.base@20.0.2
v  ~StubRoutines::call_stub 0x00007d4428337cc6

siginfo: si_signo: 11 (SIGSEGV), si_code: 1 (SEGV_MAPERR), si_addr: 0x0000000000002000

Registers:
RAX=0x0000000000002000, RBX=0x00007d4415efe7c0, RCX=0x0000000000000000, RDX=0x0000000000000000
RSP=0x00007d4415efe6e8, RBP=0x0000000000000000, RSI=0x0000000000000000, RDI=0x00007d4415efe7c0
R8 =0x000000075269629c, R9 =0x0000000000000000, R10=0x0000000000000000, R11=0x0000000000000293
R12=0x0000000000000000, R13=0x00007d4415efe7b8, R14=0x00007d4415efe8a0, R15=0x00007d44384351d0
RIP=0x0000000000002000, EFLAGS=0x0000000000010206, CSGSFS=0x002b000000000033, ERR=0x0000000000000014
  TRAPNO=0x000000000000000e


Register to memory mapping:

RAX=0x0000000000002000 is an unknown value
RBX=0x00007d4415efe7c0 is pointing into the stack for thread: 0x00007d44384351d0
RCX=0x0 is NULL
RDX=0x0 is NULL
RSP=0x00007d4415efe6e8 is pointing into the stack for thread: 0x00007d44384351d0
RBP=0x0 is NULL
RSI=0x0 is NULL
RDI=0x00007d4415efe7c0 is pointing into the stack for thread: 0x00007d44384351d0
R8 =
[error occurred during error reporting (printing register info), id 0xb, SIGSEGV (0xb) at pc=0x00007d443e55befe]
Top of Stack: (sp=0x00007d4415efe6e8)
0x00007d4415efe6e8:   00007d443f435721 0000000000000005
0x00007d4415efe6f8:   00000000000003ee 0000000000000001
0x00007d4415efe708:   00000000000021b0 0000000000000014
0x00007d4415efe718:   000000000000bc00 0000000000000000
0x00007d4415efe728:   0000000000001000 0000000000000000
0x00007d4415efe738:   0000000066dd9f2a 0000000000000000
0x00007d4415efe748:   0000000066dd9c72 000000003aa5ae9f
0x00007d4415efe758:   0000000066dd9c72 000000003aa5ae9f
0x00007d4415efe768:   0000000000000000 0000000000000000
0x00007d4415efe778:   0000000000000000 00007d4415efe7d0
0x00007d4415efe788:   89bdce4d111d0400 00007d44384354b0
0x00007d4415efe798:   00007d44384354b0 00007d4415efe7d0
0x00007d4415efe7a8:   00007d443f4348ea 00007d4415efe7e0
0x00007d4415efe7b8:   00007d4415efe8a0 00007d4415efe7d0
0x00007d4415efe7c8:   00007d44384351d0 00007d4370007350
0x00007d4415efe7d8:   00007d4370002b10 0000000000000000
0x00007d4415efe7e8:   00007d4400000000 00007d4415efe820
0x00007d4415efe7f8:   89bdce4d111d0400 0000000000000000
0x00007d4415efe808:   00007d43bb418248 00007d4415efe880
0x00007d4415efe818:   0000000000000000 00007d43bb418248
0x00007d4415efe828:   00007d4428358728 00007d44283583d6
0x00007d4415efe838:   00007d4415efe838 00007d43bb418248
0x00007d4415efe848:   00007d4415efe8a0 00007d43bb418378
0x00007d4415efe858:   0000000000000000 00000007528b7578
0x00007d4415efe868:   00007d43bb418248 0000000000000000
0x00007d4415efe878:   00007d4415efe8a0 00007d4415efe8f0
0x00007d4415efe888:   00007d44283544be 0000000000000000
0x00007d4415efe898:   00007d4428356075 0000000752633718
0x00007d4415efe8a8:   00007d4415efe8a8 00007d43bb415744
0x00007d4415efe8b8:   00007d4415efe908 00007d43bb4160d8
0x00007d4415efe8c8:   0000000000000000 0000000752b32a98
0x00007d4415efe8d8:   00007d43bb4157a0 00007d4415efe8a0 

Instructions: (pc=0x00007d443f435721)
0x00007d443f435621:   c0 74 16 48 89 e6 48 89 c7 e8 71 ce ff ff 85 c0
0x00007d443f435631:   75 55 48 8b 45 00 8b 78 14 48 89 de 44 89 e2 e8
0x00007d443f435641:   eb cf ff ff 48 89 c3 85 c0 74 17 48 8b 45 08 48
0x00007d443f435651:   85 c0 74 0e 48 8b 40 08 48 85 c0 74 05 48 89 ef
0x00007d443f435661:   ff d0 48 63 c3 48 8b 94 24 98 00 00 00 64 48 2b
0x00007d443f435671:   14 25 28 00 00 00 75 18 48 81 c4 a0 00 00 00 5b
0x00007d443f435681:   5d 41 5c c3 0f 1f 00 48 c7 c0 fe ff ff ff eb d5
0x00007d443f435691:   e8 6a ce ff ff 66 2e 0f 1f 84 00 00 00 00 00 f3
0x00007d443f4356a1:   0f 1e fa 55 53 48 81 ec a8 00 00 00 64 48 8b 04
0x00007d443f4356b1:   25 28 00 00 00 48 89 84 24 98 00 00 00 48 8b 07
0x00007d443f4356c1:   48 85 c0 74 7a 48 89 fb 8b 78 14 85 ff 7e 70 48
0x00007d443f4356d1:   8b 00 48 85 c0 74 15 48 89 e6 48 89 c7 e8 bd cd
0x00007d443f4356e1:   ff ff 85 c0 75 59 48 8b 03 8b 78 14 e8 4e cf ff
0x00007d443f4356f1:   ff 89 c5 85 c0 75 29 48 8b 03 48 c7 40 10 00 00
0x00007d443f435701:   00 00 c7 40 18 00 00 00 00 48 8b 43 08 48 85 c0
0x00007d443f435711:   74 0e 48 8b 40 30 48 85 c0 74 05 48 89 df ff d0
0x00007d443f435721:   48 8b 84 24 98 00 00 00 64 48 2b 04 25 28 00 00
0x00007d443f435731:   00 75 13 48 81 c4 a8 00 00 00 89 e8 5b 5d c3 bd
0x00007d443f435741:   fe ff ff ff eb da e8 b4 cd ff ff f3 0f 1e fa 48
0x00007d443f435751:   83 ec 08 48 83 c4 08 c3 00 00 00 00 00 00 00 00
0x00007d443f435761:   00 00 00 00 00 00 00 00 00 00 00 00 00 00 00 00
0x00007d443f435771:   00 00 00 00 00 00 00 00 00 00 00 00 00 00 00 00
0x00007d443f435781:   00 00 00 00 00 00 00 00 00 00 00 00 00 00 00 00
0x00007d443f435791:   00 00 00 00 00 00 00 00 00 00 00 00 00 00 00 00
0x00007d443f4357a1:   00 00 00 00 00 00 00 00 00 00 00 00 00 00 00 00
0x00007d443f4357b1:   00 00 00 00 00 00 00 00 00 00 00 00 00 00 00 00
0x00007d443f4357c1:   00 00 00 00 00 00 00 00 00 00 00 00 00 00 00 00
0x00007d443f4357d1:   00 00 00 00 00 00 00 00 00 00 00 00 00 00 00 00
0x00007d443f4357e1:   00 00 00 00 00 00 00 00 00 00 00 00 00 00 00 00
0x00007d443f4357f1:   00 00 00 00 00 00 00 00 00 00 00 00 00 00 00 00
0x00007d443f435801:   00 00 00 00 00 00 00 00 00 00 00 00 00 00 00 00
0x00007d443f435811:   00 00 00 00 00 00 00 00 00 00 00 00 00 00 00 00 


Stack slot to memory mapping:
stack at sp + 0 slots: 0x0000000000000005 is an unknown value
stack at sp + 1 slots: 0x00000000000003ee is an unknown value
stack at sp + 2 slots: 0x0000000000000001 is an unknown value
stack at sp + 3 slots: 0x00000000000021b0 is an unknown value
stack at sp + 4 slots: 0x0000000000000014 is an unknown value
stack at sp + 5 slots: 0x000000000000bc00 is an unknown value
stack at sp + 6 slots: 0x0 is NULL
stack at sp + 7 slots: 0x0000000000001000 is an unknown value


---------------  P R O C E S S  ---------------

Threads class SMR info:
_java_thread_list=0x00007d44381c0c80, length=12, elements={
0x00007d44381332c0, 0x00007d44381347f0, 0x00007d44381362d0, 0x00007d4438137760,
0x00007d4438138be0, 0x00007d443813a600, 0x00007d443813bba0, 0x00007d443815a600,
0x00007d443815ed00, 0x00007d44384351d0, 0x00007d4438435e30, 0x00007d443802c0d0
}

Java Threads: ( => current thread )
  0x00007d44381332c0 JavaThread "Reference Handler" daemon [_thread_blocked, id=6181, stack(0x00007d441c900000,0x00007d441ca00000)]
  0x00007d44381347f0 JavaThread "Finalizer" daemon [_thread_blocked, id=6182, stack(0x00007d441c800000,0x00007d441c900000)]
  0x00007d44381362d0 JavaThread "Signal Dispatcher" daemon [_thread_blocked, id=6183, stack(0x00007d441c700000,0x00007d441c800000)]
  0x00007d4438137760 JavaThread "Service Thread" daemon [_thread_blocked, id=6184, stack(0x00007d441c600000,0x00007d441c700000)]
  0x00007d4438138be0 JavaThread "Monitor Deflation Thread" daemon [_thread_blocked, id=6185, stack(0x00007d441c500000,0x00007d441c600000)]
  0x00007d443813a600 JavaThread "C2 CompilerThread0" daemon [_thread_blocked, id=6186, stack(0x00007d441c400000,0x00007d441c500000)]
  0x00007d443813bba0 JavaThread "C1 CompilerThread0" daemon [_thread_blocked, id=6187, stack(0x00007d441c300000,0x00007d441c400000)]
  0x00007d443815a600 JavaThread "Notification Thread" daemon [_thread_blocked, id=6188, stack(0x00007d441c200000,0x00007d441c300000)]
  0x00007d443815ed00 JavaThread "Common-Cleaner" daemon [_thread_blocked, id=6190, stack(0x00007d4415f00000,0x00007d4416000000)]
=>0x00007d44384351d0 JavaThread "Thread-0" [_thread_in_native, id=6202, stack(0x00007d4415e00000,0x00007d4415f00000)]
  0x00007d4438435e30 JavaThread "Thread-1" [_thread_blocked, id=6203, stack(0x00007d4415d00000,0x00007d4415e00000)]
  0x00007d443802c0d0 JavaThread "DestroyJavaVM" [_thread_blocked, id=6174, stack(0x00007d443dd00000,0x00007d443de00000)]

Other Threads:
  0x00007d44381267f0 VMThread "VM Thread" [stack: 0x00007d441d82a000,0x00007d441d92a000] [id=6180]
  0x00007d443815c3e0 WatcherThread "VM Periodic Task Thread" [stack: 0x00007d441c100000,0x00007d441c200000] [id=6189]
  0x00007d4438086cc0 WorkerThread "GC Thread#0" [stack: 0x00007d443d626000,0x00007d443d726000] [id=6175]
  0x00007d4438093b50 ConcurrentGCThread "G1 Main Marker" [stack: 0x00007d443c300000,0x00007d443c400000] [id=6176]
  0x00007d4438094a70 WorkerThread "G1 Conc#0" [stack: 0x00007d443c1fe000,0x00007d443c2fe000] [id=6177]
  0x00007d44380f4d50 ConcurrentGCThread "G1 Refine#0" [stack: 0x00007d441dafe000,0x00007d441dbfe000] [id=6178]
  0x00007d44380f5c90 ConcurrentGCThread "G1 Service" [stack: 0x00007d441d9fc000,0x00007d441dafc000] [id=6179]

Threads with active compile tasks:

VM state: not at safepoint (normal execution)

VM Mutex/Monitor currently owned by a thread: None

Heap address: 0x0000000747200000, size: 2958 MB, Compressed Oops mode: Zero based, Oop shift amount: 3

CDS archive(s) mapped at: [0x00007d43bf000000-0x00007d43bfc7e000-0x00007d43bfc7e000), size 13099008, SharedBaseAddress: 0x00007d43bf000000, ArchiveRelocationMode: 1.
Compressed class space mapped at: 0x00007d43c0000000-0x00007d4400000000, reserved size: 1073741824
Narrow klass base: 0x00007d43bf000000, Narrow klass shift: 0, Narrow klass range: 0x100000000

GC Precious Log:
 CardTable entry size: 512
 Card Set container configuration: InlinePtr #cards 4 size 8 Array Of Cards #cards 16 size 48 Howl #buckets 8 coarsen threshold 3686 Howl Bitmap #cards 512 size 80 coarsen threshold 460 Card regions per heap region 1 cards per card region 4096
 CPUs: 4 total, 4 available
 Memory: 11827M
 Large Page Support: Disabled
 NUMA Support: Disabled
 Compressed Oops: Enabled (Zero based)
 Heap Region Size: 2M
 Heap Min Capacity: 8M
 Heap Initial Capacity: 186M
 Heap Max Capacity: 2958M
 Pre-touch: Disabled
 Parallel Workers: 4
 Concurrent Workers: 1
 Concurrent Refinement Workers: 4
 Periodic GC: Disabled

Heap:
 garbage-first heap   total 194560K, used 6128K [0x0000000747200000, 0x0000000800000000)
  region size 2048K, 3 young (6144K), 0 survivors (0K)
 Metaspace       used 1507K, committed 1728K, reserved 1114112K
  class space    used 172K, committed 320K, reserved 1048576K

Heap Regions: E=young(eden), S=young(survivor), O=old, HS=humongous(starts), HC=humongous(continues), CS=collection set, F=free, OA=open archive, CA=closed archive, TAMS=top-at-mark-start, PB=parsable bottom
|   0|0x0000000747200000, 0x0000000747200000, 0x0000000747400000|  0%| F|  |TAMS 0x0000000747200000| PB 0x0000000747200000| Untracked 
|   1|0x0000000747400000, 0x0000000747400000, 0x0000000747600000|  0%| F|  |TAMS 0x0000000747400000| PB 0x0000000747400000| Untracked 
|   2|0x0000000747600000, 0x0000000747600000, 0x0000000747800000|  0%| F|  |TAMS 0x0000000747600000| PB 0x0000000747600000| Untracked 
|   3|0x0000000747800000, 0x0000000747800000, 0x0000000747a00000|  0%| F|  |TAMS 0x0000000747800000| PB 0x0000000747800000| Untracked 
|   4|0x0000000747a00000, 0x0000000747a00000, 0x0000000747c00000|  0%| F|  |TAMS 0x0000000747a00000| PB 0x0000000747a00000| Untracked 
|   5|0x0000000747c00000, 0x0000000747c00000, 0x0000000747e00000|  0%| F|  |TAMS 0x0000000747c00000| PB 0x0000000747c00000| Untracked 
|   6|0x0000000747e00000, 0x0000000747e00000, 0x0000000748000000|  0%| F|  |TAMS 0x0000000747e00000| PB 0x0000000747e00000| Untracked 
|   7|0x0000000748000000, 0x0000000748000000, 0x0000000748200000|  0%| F|  |TAMS 0x0000000748000000| PB 0x0000000748000000| Untracked 
|   8|0x0000000748200000, 0x0000000748200000, 0x0000000748400000|  0%| F|  |TAMS 0x0000000748200000| PB 0x0000000748200000| Untracked 
|   9|0x0000000748400000, 0x0000000748400000, 0x0000000748600000|  0%| F|  |TAMS 0x0000000748400000| PB 0x0000000748400000| Untracked 
|  10|0x0000000748600000, 0x0000000748600000, 0x0000000748800000|  0%| F|  |TAMS 0x0000000748600000| PB 0x0000000748600000| Untracked 
|  11|0x0000000748800000, 0x0000000748800000, 0x0000000748a00000|  0%| F|  |TAMS 0x0000000748800000| PB 0x0000000748800000| Untracked 
|  12|0x0000000748a00000, 0x0000000748a00000, 0x0000000748c00000|  0%| F|  |TAMS 0x0000000748a00000| PB 0x0000000748a00000| Untracked 
|  13|0x0000000748c00000, 0x0000000748c00000, 0x0000000748e00000|  0%| F|  |TAMS 0x0000000748c00000| PB 0x0000000748c00000| Untracked 
|  14|0x0000000748e00000, 0x0000000748e00000, 0x0000000749000000|  0%| F|  |TAMS 0x0000000748e00000| PB 0x0000000748e00000| Untracked 
|  15|0x0000000749000000, 0x0000000749000000, 0x0000000749200000|  0%| F|  |TAMS 0x0000000749000000| PB 0x0000000749000000| Untracked 
|  16|0x0000000749200000, 0x0000000749200000, 0x0000000749400000|  0%| F|  |TAMS 0x0000000749200000| PB 0x0000000749200000| Untracked 
|  17|0x0000000749400000, 0x0000000749400000, 0x0000000749600000|  0%| F|  |TAMS 0x0000000749400000| PB 0x0000000749400000| Untracked 
|  18|0x0000000749600000, 0x0000000749600000, 0x0000000749800000|  0%| F|  |TAMS 0x0000000749600000| PB 0x0000000749600000| Untracked 
|  19|0x0000000749800000, 0x0000000749800000, 0x0000000749a00000|  0%| F|  |TAMS 0x0000000749800000| PB 0x0000000749800000| Untracked 
|  20|0x0000000749a00000, 0x0000000749a00000, 0x0000000749c00000|  0%| F|  |TAMS 0x0000000749a00000| PB 0x0000000749a00000| Untracked 
|  21|0x0000000749c00000, 0x0000000749c00000, 0x0000000749e00000|  0%| F|  |TAMS 0x0000000749c00000| PB 0x0000000749c00000| Untracked 
|  22|0x0000000749e00000, 0x0000000749e00000, 0x000000074a000000|  0%| F|  |TAMS 0x0000000749e00000| PB 0x0000000749e00000| Untracked 
|  23|0x000000074a000000, 0x000000074a000000, 0x000000074a200000|  0%| F|  |TAMS 0x000000074a000000| PB 0x000000074a000000| Untracked 
|  24|0x000000074a200000, 0x000000074a200000, 0x000000074a400000|  0%| F|  |TAMS 0x000000074a200000| PB 0x000000074a200000| Untracked 
|  25|0x000000074a400000, 0x000000074a400000, 0x000000074a600000|  0%| F|  |TAMS 0x000000074a400000| PB 0x000000074a400000| Untracked 
|  26|0x000000074a600000, 0x000000074a600000, 0x000000074a800000|  0%| F|  |TAMS 0x000000074a600000| PB 0x000000074a600000| Untracked 
|  27|0x000000074a800000, 0x000000074a800000, 0x000000074aa00000|  0%| F|  |TAMS 0x000000074a800000| PB 0x000000074a800000| Untracked 
|  28|0x000000074aa00000, 0x000000074aa00000, 0x000000074ac00000|  0%| F|  |TAMS 0x000000074aa00000| PB 0x000000074aa00000| Untracked 
|  29|0x000000074ac00000, 0x000000074ac00000, 0x000000074ae00000|  0%| F|  |TAMS 0x000000074ac00000| PB 0x000000074ac00000| Untracked 
|  30|0x000000074ae00000, 0x000000074ae00000, 0x000000074b000000|  0%| F|  |TAMS 0x000000074ae00000| PB 0x000000074ae00000| Untracked 
|  31|0x000000074b000000, 0x000000074b000000, 0x000000074b200000|  0%| F|  |TAMS 0x000000074b000000| PB 0x000000074b000000| Untracked 
|  32|0x000000074b200000, 0x000000074b200000, 0x000000074b400000|  0%| F|  |TAMS 0x000000074b200000| PB 0x000000074b200000| Untracked 
|  33|0x000000074b400000, 0x000000074b400000, 0x000000074b600000|  0%| F|  |TAMS 0x000000074b400000| PB 0x000000074b400000| Untracked 
|  34|0x000000074b600000, 0x000000074b600000, 0x000000074b800000|  0%| F|  |TAMS 0x000000074b600000| PB 0x000000074b600000| Untracked 
|  35|0x000000074b800000, 0x000000074b800000, 0x000000074ba00000|  0%| F|  |TAMS 0x000000074b800000| PB 0x000000074b800000| Untracked 
|  36|0x000000074ba00000, 0x000000074ba00000, 0x000000074bc00000|  0%| F|  |TAMS 0x000000074ba00000| PB 0x000000074ba00000| Untracked 
|  37|0x000000074bc00000, 0x000000074bc00000, 0x000000074be00000|  0%| F|  |TAMS 0x000000074bc00000| PB 0x000000074bc00000| Untracked 
|  38|0x000000074be00000, 0x000000074be00000, 0x000000074c000000|  0%| F|  |TAMS 0x000000074be00000| PB 0x000000074be00000| Untracked 
|  39|0x000000074c000000, 0x000000074c000000, 0x000000074c200000|  0%| F|  |TAMS 0x000000074c000000| PB 0x000000074c000000| Untracked 
|  40|0x000000074c200000, 0x000000074c200000, 0x000000074c400000|  0%| F|  |TAMS 0x000000074c200000| PB 0x000000074c200000| Untracked 
|  41|0x000000074c400000, 0x000000074c400000, 0x000000074c600000|  0%| F|  |TAMS 0x000000074c400000| PB 0x000000074c400000| Untracked 
|  42|0x000000074c600000, 0x000000074c600000, 0x000000074c800000|  0%| F|  |TAMS 0x000000074c600000| PB 0x000000074c600000| Untracked 
|  43|0x000000074c800000, 0x000000074c800000, 0x000000074ca00000|  0%| F|  |TAMS 0x000000074c800000| PB 0x000000074c800000| Untracked 
|  44|0x000000074ca00000, 0x000000074ca00000, 0x000000074cc00000|  0%| F|  |TAMS 0x000000074ca00000| PB 0x000000074ca00000| Untracked 
|  45|0x000000074cc00000, 0x000000074cc00000, 0x000000074ce00000|  0%| F|  |TAMS 0x000000074cc00000| PB 0x000000074cc00000| Untracked 
|  46|0x000000074ce00000, 0x000000074ce00000, 0x000000074d000000|  0%| F|  |TAMS 0x000000074ce00000| PB 0x000000074ce00000| Untracked 
|  47|0x000000074d000000, 0x000000074d000000, 0x000000074d200000|  0%| F|  |TAMS 0x000000074d000000| PB 0x000000074d000000| Untracked 
|  48|0x000000074d200000, 0x000000074d200000, 0x000000074d400000|  0%| F|  |TAMS 0x000000074d200000| PB 0x000000074d200000| Untracked 
|  49|0x000000074d400000, 0x000000074d400000, 0x000000074d600000|  0%| F|  |TAMS 0x000000074d400000| PB 0x000000074d400000| Untracked 
|  50|0x000000074d600000, 0x000000074d600000, 0x000000074d800000|  0%| F|  |TAMS 0x000000074d600000| PB 0x000000074d600000| Untracked 
|  51|0x000000074d800000, 0x000000074d800000, 0x000000074da00000|  0%| F|  |TAMS 0x000000074d800000| PB 0x000000074d800000| Untracked 
|  52|0x000000074da00000, 0x000000074da00000, 0x000000074dc00000|  0%| F|  |TAMS 0x000000074da00000| PB 0x000000074da00000| Untracked 
|  53|0x000000074dc00000, 0x000000074dc00000, 0x000000074de00000|  0%| F|  |TAMS 0x000000074dc00000| PB 0x000000074dc00000| Untracked 
|  54|0x000000074de00000, 0x000000074de00000, 0x000000074e000000|  0%| F|  |TAMS 0x000000074de00000| PB 0x000000074de00000| Untracked 
|  55|0x000000074e000000, 0x000000074e000000, 0x000000074e200000|  0%| F|  |TAMS 0x000000074e000000| PB 0x000000074e000000| Untracked 
|  56|0x000000074e200000, 0x000000074e200000, 0x000000074e400000|  0%| F|  |TAMS 0x000000074e200000| PB 0x000000074e200000| Untracked 
|  57|0x000000074e400000, 0x000000074e400000, 0x000000074e600000|  0%| F|  |TAMS 0x000000074e400000| PB 0x000000074e400000| Untracked 
|  58|0x000000074e600000, 0x000000074e600000, 0x000000074e800000|  0%| F|  |TAMS 0x000000074e600000| PB 0x000000074e600000| Untracked 
|  59|0x000000074e800000, 0x000000074e800000, 0x000000074ea00000|  0%| F|  |TAMS 0x000000074e800000| PB 0x000000074e800000| Untracked 
|  60|0x000000074ea00000, 0x000000074ea00000, 0x000000074ec00000|  0%| F|  |TAMS 0x000000074ea00000| PB 0x000000074ea00000| Untracked 
|  61|0x000000074ec00000, 0x000000074ec00000, 0x000000074ee00000|  0%| F|  |TAMS 0x000000074ec00000| PB 0x000000074ec00000| Untracked 
|  62|0x000000074ee00000, 0x000000074ee00000, 0x000000074f000000|  0%| F|  |TAMS 0x000000074ee00000| PB 0x000000074ee00000| Untracked 
|  63|0x000000074f000000, 0x000000074f000000, 0x000000074f200000|  0%| F|  |TAMS 0x000000074f000000| PB 0x000000074f000000| Untracked 
|  64|0x000000074f200000, 0x000000074f200000, 0x000000074f400000|  0%| F|  |TAMS 0x000000074f200000| PB 0x000000074f200000| Untracked 
|  65|0x000000074f400000, 0x000000074f400000, 0x000000074f600000|  0%| F|  |TAMS 0x000000074f400000| PB 0x000000074f400000| Untracked 
|  66|0x000000074f600000, 0x000000074f600000, 0x000000074f800000|  0%| F|  |TAMS 0x000000074f600000| PB 0x000000074f600000| Untracked 
|  67|0x000000074f800000, 0x000000074f800000, 0x000000074fa00000|  0%| F|  |TAMS 0x000000074f800000| PB 0x000000074f800000| Untracked 
|  68|0x000000074fa00000, 0x000000074fa00000, 0x000000074fc00000|  0%| F|  |TAMS 0x000000074fa00000| PB 0x000000074fa00000| Untracked 
|  69|0x000000074fc00000, 0x000000074fc00000, 0x000000074fe00000|  0%| F|  |TAMS 0x000000074fc00000| PB 0x000000074fc00000| Untracked 
|  70|0x000000074fe00000, 0x000000074fe00000, 0x0000000750000000|  0%| F|  |TAMS 0x000000074fe00000| PB 0x000000074fe00000| Untracked 
|  71|0x0000000750000000, 0x0000000750000000, 0x0000000750200000|  0%| F|  |TAMS 0x0000000750000000| PB 0x0000000750000000| Untracked 
|  72|0x0000000750200000, 0x0000000750200000, 0x0000000750400000|  0%| F|  |TAMS 0x0000000750200000| PB 0x0000000750200000| Untracked 
|  73|0x0000000750400000, 0x0000000750400000, 0x0000000750600000|  0%| F|  |TAMS 0x0000000750400000| PB 0x0000000750400000| Untracked 
|  74|0x0000000750600000, 0x0000000750600000, 0x0000000750800000|  0%| F|  |TAMS 0x0000000750600000| PB 0x0000000750600000| Untracked 
|  75|0x0000000750800000, 0x0000000750800000, 0x0000000750a00000|  0%| F|  |TAMS 0x0000000750800000| PB 0x0000000750800000| Untracked 
|  76|0x0000000750a00000, 0x0000000750a00000, 0x0000000750c00000|  0%| F|  |TAMS 0x0000000750a00000| PB 0x0000000750a00000| Untracked 
|  77|0x0000000750c00000, 0x0000000750c00000, 0x0000000750e00000|  0%| F|  |TAMS 0x0000000750c00000| PB 0x0000000750c00000| Untracked 
|  78|0x0000000750e00000, 0x0000000750e00000, 0x0000000751000000|  0%| F|  |TAMS 0x0000000750e00000| PB 0x0000000750e00000| Untracked 
|  79|0x0000000751000000, 0x0000000751000000, 0x0000000751200000|  0%| F|  |TAMS 0x0000000751000000| PB 0x0000000751000000| Untracked 
|  80|0x0000000751200000, 0x0000000751200000, 0x0000000751400000|  0%| F|  |TAMS 0x0000000751200000| PB 0x0000000751200000| Untracked 
|  81|0x0000000751400000, 0x0000000751400000, 0x0000000751600000|  0%| F|  |TAMS 0x0000000751400000| PB 0x0000000751400000| Untracked 
|  82|0x0000000751600000, 0x0000000751600000, 0x0000000751800000|  0%| F|  |TAMS 0x0000000751600000| PB 0x0000000751600000| Untracked 
|  83|0x0000000751800000, 0x0000000751800000, 0x0000000751a00000|  0%| F|  |TAMS 0x0000000751800000| PB 0x0000000751800000| Untracked 
|  84|0x0000000751a00000, 0x0000000751a00000, 0x0000000751c00000|  0%| F|  |TAMS 0x0000000751a00000| PB 0x0000000751a00000| Untracked 
|  85|0x0000000751c00000, 0x0000000751c00000, 0x0000000751e00000|  0%| F|  |TAMS 0x0000000751c00000| PB 0x0000000751c00000| Untracked 
|  86|0x0000000751e00000, 0x0000000751e00000, 0x0000000752000000|  0%| F|  |TAMS 0x0000000751e00000| PB 0x0000000751e00000| Untracked 
|  87|0x0000000752000000, 0x0000000752000000, 0x0000000752200000|  0%| F|  |TAMS 0x0000000752000000| PB 0x0000000752000000| Untracked 
|  88|0x0000000752200000, 0x0000000752200000, 0x0000000752400000|  0%| F|  |TAMS 0x0000000752200000| PB 0x0000000752200000| Untracked 
|  89|0x0000000752400000, 0x0000000752400000, 0x0000000752600000|  0%| F|  |TAMS 0x0000000752400000| PB 0x0000000752400000| Untracked 
|  90|0x0000000752600000, 0x00000007527ecd88, 0x0000000752800000| 96%| E|  |TAMS 0x0000000752600000| PB 0x0000000752600000| Complete 
|  91|0x0000000752800000, 0x0000000752a00000, 0x0000000752a00000|100%| E|CS|TAMS 0x0000000752800000| PB 0x0000000752800000| Complete 
|  92|0x0000000752a00000, 0x0000000752c00000, 0x0000000752c00000|100%| E|CS|TAMS 0x0000000752a00000| PB 0x0000000752a00000| Complete 
|1477|0x00000007ffc00000, 0x00000007ffd79000, 0x00000007ffe00000| 73%|OA|  |TAMS 0x00000007ffc00000| PB 0x00000007ffc00000| Untracked 
|1478|0x00000007ffe00000, 0x00000007ffe83000, 0x0000000800000000| 25%|CA|  |TAMS 0x00000007ffe00000| PB 0x00000007ffe00000| Untracked 

Card table byte_map: [0x00007d443ca00000,0x00007d443cfc7000] _byte_map_base: 0x00007d4438fc7000

Marking Bits: (CMBitMap*) 0x00007d4438087750
 Bits: [0x00007d441de00000, 0x00007d4420c38000)

Polling page: 0x00007d443f62a000

Metaspace:

Usage:
  Non-class:      1.30 MB used.
      Class:    172.24 KB used.
       Both:      1.47 MB used.

Virtual space:
  Non-class space:       64.00 MB reserved,       1.38 MB (  2%) committed,  1 nodes.
      Class space:        1.00 GB reserved,     320.00 KB ( <1%) committed,  1 nodes.
             Both:        1.06 GB reserved,       1.69 MB ( <1%) committed. 

Chunk freelists:
   Non-Class:  3.64 MB
       Class:  3.61 MB
        Both:  7.25 MB

MaxMetaspaceSize: unlimited
CompressedClassSpaceSize: 1.00 GB
Initial GC threshold: 21.00 MB
Current GC threshold: 21.00 MB
CDS: on
MetaspaceReclaimPolicy: balanced
 - commit_granule_bytes: 65536.
 - commit_granule_words: 8192.
 - virtual_space_node_default_size: 8388608.
 - enlarge_chunks_in_place: 1.
 - new_chunks_are_fully_committed: 0.
 - uncommit_free_chunks: 1.
 - use_allocation_guard: 0.


Internal statistics:

num_allocs_failed_limit: 0.
num_arena_births: 170.
num_arena_deaths: 0.
num_vsnodes_births: 2.
num_vsnodes_deaths: 0.
num_space_committed: 27.
num_space_uncommitted: 0.
num_chunks_returned_to_freelist: 0.
num_chunks_taken_from_freelist: 224.
num_chunk_merges: 0.
num_chunk_splits: 131.
num_chunks_enlarged: 50.
num_inconsistent_stats: 0.

CodeHeap 'non-profiled nmethods': size=120032Kb used=194Kb max_used=194Kb free=119837Kb
 bounds [0x00007d44288c8000, 0x00007d4428b38000, 0x00007d442fe00000]
CodeHeap 'profiled nmethods': size=120028Kb used=879Kb max_used=879Kb free=119148Kb
 bounds [0x00007d4420e00000, 0x00007d4421070000, 0x00007d4428337000]
CodeHeap 'non-nmethods': size=5700Kb used=1369Kb max_used=1385Kb free=4330Kb
 bounds [0x00007d4428337000, 0x00007d44285a7000, 0x00007d44288c8000]
 total_blobs=1076 nmethods=647 adapters=341
 compilation: enabled
              stopped_count=0, restarted_count=0
 full_count=0

Compilation events (20 events):
Event: 1.803 Thread 0x00007d443813bba0  633       3       sun.invoke.util.Wrapper::isNumeric (16 bytes)
Event: 1.804 Thread 0x00007d443813bba0 nmethod 633 0x00007d4420ed8290 code [0x00007d4420ed8420, 0x00007d4420ed8588]
Event: 1.804 Thread 0x00007d443813bba0  630       3       java.lang.invoke.LambdaForm::returnType (26 bytes)
Event: 1.804 Thread 0x00007d443813bba0 nmethod 630 0x00007d4420ed8610 code [0x00007d4420ed87a0, 0x00007d4420ed8950]
Event: 1.804 Thread 0x00007d443813bba0  637       3       java.lang.invoke.MemberName::flagsMods (45 bytes)
Event: 1.804 Thread 0x00007d443813a600 nmethod 626 0x00007d44288f8110 code [0x00007d44288f8280, 0x00007d44288f8578]
Event: 1.804 Thread 0x00007d443813bba0 nmethod 637 0x00007d4420ed8a10 code [0x00007d4420ed8ba0, 0x00007d4420ed8ca0]
Event: 1.804 Thread 0x00007d443813bba0  638       3       java.lang.invoke.MemberName::init (53 bytes)
Event: 1.804 Thread 0x00007d443813bba0 nmethod 638 0x00007d4420ed8d10 code [0x00007d4420ed8ea0, 0x00007d4420ed90e8]
Event: 1.804 Thread 0x00007d443813bba0  639       3       jdk.internal.org.objectweb.asm.SymbolTable::addTypeInternal (85 bytes)
Event: 1.805 Thread 0x00007d443813bba0 nmethod 639 0x00007d4420ed9190 code [0x00007d4420ed9360, 0x00007d4420ed99a0]
Event: 1.805 Thread 0x00007d443813bba0  643       3       java.util.concurrent.locks.ReentrantLock$NonfairSync::initialTryLock (58 bytes)
Event: 1.805 Thread 0x00007d443813bba0 nmethod 643 0x00007d4420ed9b90 code [0x00007d4420ed9d60, 0x00007d4420eda150]
Event: 1.805 Thread 0x00007d443813bba0  642       3       jdk.internal.org.objectweb.asm.Handler::getExceptionTableSize (10 bytes)
Event: 1.805 Thread 0x00007d443813bba0 nmethod 642 0x00007d4420eda210 code [0x00007d4420eda3a0, 0x00007d4420eda5a0]
Event: 1.805 Thread 0x00007d443813bba0  644       3       java.lang.StackWalker::hasOption (11 bytes)
Event: 1.805 Thread 0x00007d443813bba0 nmethod 644 0x00007d4420eda690 code [0x00007d4420eda820, 0x00007d4420eda9f0]
Event: 1.805 Thread 0x00007d443813bba0  645       3       java.util.RegularEnumSet::contains (57 bytes)
Event: 1.806 Thread 0x00007d443813bba0 nmethod 645 0x00007d4420edaa90 code [0x00007d4420edac40, 0x00007d4420edb068]
Event: 1.806 Thread 0x00007d443813bba0  646       3       java.lang.CharacterData::of (136 bytes)

GC Heap History (0 events):
No events

Dll operation events (6 events):
Event: 0.002 Loaded shared library /opt/electrostatic-sandbox/jdk-20.0.2/lib/libjava.so
Event: 0.024 Loaded shared library /opt/electrostatic-sandbox/jdk-20.0.2/lib/libjsvml.so
Event: 0.056 Loaded shared library /opt/electrostatic-sandbox/jdk-20.0.2/lib/libnio.so
Event: 0.060 Loaded shared library /opt/electrostatic-sandbox/jdk-20.0.2/lib/libzip.so
Event: 0.133 Loaded shared library /opt/electrostatic-sandbox/jdk-20.0.2/lib/libjimage.so
Event: 0.283 Loaded shared library /media/pavl-x86-machine/pavl-g/Projects/Electrostatic-Sandbox/electrostatic-sandbox-framework/electrostatic4j/serial4j/serial4j-examples/libserial4j.so

Deoptimization events (18 events):
Event: 0.158 Thread 0x00007d443802c0d0 DEOPT PACKING pc=0x00007d4420e0514a sp=0x00007d443ddfc360
Event: 0.158 Thread 0x00007d443802c0d0 DEOPT UNPACKING pc=0x00007d44283a09af sp=0x00007d443ddfb7a0 mode 0
Event: 0.165 Thread 0x00007d443802c0d0 DEOPT PACKING pc=0x00007d4420e0243e sp=0x00007d443ddfc300
Event: 0.165 Thread 0x00007d443802c0d0 DEOPT UNPACKING pc=0x00007d44283a09af sp=0x00007d443ddfb798 mode 0
Event: 0.202 Thread 0x00007d443802c0d0 DEOPT PACKING pc=0x00007d4420e04376 sp=0x00007d443ddfccd0
Event: 0.202 Thread 0x00007d443802c0d0 DEOPT UNPACKING pc=0x00007d44283a09af sp=0x00007d443ddfc168 mode 0
Event: 0.284 Thread 0x00007d443802c0d0 Uncommon trap: trap_request=0xffffff76 fr.pc=0x00007d44288ebfd8 relative=0x00000000000001b8
Event: 0.284 Thread 0x00007d443802c0d0 Uncommon trap: reason=predicate action=maybe_recompile pc=0x00007d44288ebfd8 method=java.util.regex.Pattern$BmpCharPropertyGreedy.match(Ljava/util/regex/Matcher;ILjava/lang/CharSequence;)Z @ 12 c2
Event: 0.284 Thread 0x00007d443802c0d0 DEOPT PACKING pc=0x00007d44288ebfd8 sp=0x00007d443ddfd350
Event: 0.284 Thread 0x00007d443802c0d0 DEOPT UNPACKING pc=0x00007d44283a0219 sp=0x00007d443ddfd328 mode 2
Event: 0.298 Thread 0x00007d443802c0d0 Uncommon trap: trap_request=0xffffff45 fr.pc=0x00007d44288e3be8 relative=0x0000000000000168
Event: 0.298 Thread 0x00007d443802c0d0 Uncommon trap: reason=unstable_if action=reinterpret pc=0x00007d44288e3be8 method=java.util.concurrent.locks.ReentrantLock$NonfairSync.initialTryLock()Z @ 10 c2
Event: 0.299 Thread 0x00007d443802c0d0 DEOPT PACKING pc=0x00007d44288e3be8 sp=0x00007d443ddfe110
Event: 0.299 Thread 0x00007d443802c0d0 DEOPT UNPACKING pc=0x00007d44283a0219 sp=0x00007d443ddfe0b8 mode 2
Event: 0.299 Thread 0x00007d443802c0d0 Uncommon trap: trap_request=0xffffff45 fr.pc=0x00007d44288e3fa0 relative=0x0000000000000120
Event: 0.299 Thread 0x00007d443802c0d0 Uncommon trap: reason=unstable_if action=reinterpret pc=0x00007d44288e3fa0 method=java.util.concurrent.locks.ReentrantLock$Sync.tryRelease(I)Z @ 26 c2
Event: 0.299 Thread 0x00007d443802c0d0 DEOPT PACKING pc=0x00007d44288e3fa0 sp=0x00007d443ddfe110
Event: 0.299 Thread 0x00007d443802c0d0 DEOPT UNPACKING pc=0x00007d44283a0219 sp=0x00007d443ddfe0b0 mode 2

Classes loaded (20 events):
Event: 0.310 Loading class java/lang/StackStreamFactory
Event: 0.310 Loading class java/lang/StackStreamFactory done
Event: 0.310 Loading class java/lang/StackWalker$ExtendedOption
Event: 0.310 Loading class java/lang/StackWalker$ExtendedOption done
Event: 0.310 Loading class java/lang/StackStreamFactory$StackFrameTraverser
Event: 0.310 Loading class java/lang/StackStreamFactory$StackFrameTraverser done
Event: 0.310 Loading class java/lang/StackStreamFactory$WalkerState
Event: 0.310 Loading class java/lang/StackStreamFactory$WalkerState done
Event: 0.310 Loading class java/lang/StackStreamFactory$1
Event: 0.310 Loading class java/lang/StackStreamFactory$1 done
Event: 0.310 Loading class java/lang/StackStreamFactory$StackFrameTraverser$StackFrameBuffer
Event: 0.310 Loading class java/lang/StackStreamFactory$FrameBuffer
Event: 0.311 Loading class java/lang/StackStreamFactory$FrameBuffer done
Event: 0.311 Loading class java/lang/StackStreamFactory$StackFrameTraverser$StackFrameBuffer done
Event: 0.636 Loading class java/lang/Thread$ThreadNumbering
Event: 0.637 Loading class java/lang/Thread$ThreadNumbering done
Event: 0.637 Loading class jdk/internal/event/ThreadSleepEvent
Event: 0.637 Loading class jdk/internal/event/Event
Event: 0.637 Loading class jdk/internal/event/Event done
Event: 0.637 Loading class jdk/internal/event/ThreadSleepEvent done

Classes unloaded (0 events):
No events

Classes redefined (0 events):
No events

Internal exceptions (9 events):
Event: 0.107 Thread 0x00007d443802c0d0 Exception <a 'java/lang/NoSuchMethodError'{0x0000000752b148c8}: 'void java.lang.invoke.DirectMethodHandle$Holder.invokeStatic(java.lang.Object, java.lang.Object)'> (0x0000000752b148c8) 
thrown [open/src/hotspot/share/interpreter/linkResolver.cpp, line 772]
Event: 0.108 Thread 0x00007d443802c0d0 Exception <a 'java/lang/NoSuchMethodError'{0x0000000752b18448}: 'void java.lang.invoke.DirectMethodHandle$Holder.invokeSpecial(java.lang.Object, java.lang.Object, java.lang.Object)'> (0x0000000752b18448) 
thrown [open/src/hotspot/share/interpreter/linkResolver.cpp, line 772]
Event: 0.246 Thread 0x00007d443802c0d0 Exception <a 'java/lang/NoSuchMethodError'{0x00000007529c15a0}: 'java.lang.Object java.lang.invoke.DirectMethodHandle$Holder.invokeStatic(java.lang.Object, int, java.lang.Object)'> (0x00000007529c15a0) 
thrown [open/src/hotspot/share/interpreter/linkResolver.cpp, line 772]
Event: 0.252 Thread 0x00007d443802c0d0 Exception <a 'java/lang/ClassNotFoundException'{0x00000007529cd070}: sun/util/logging/resources/spi/loggingProvider> (0x00000007529cd070) 
thrown [open/src/hotspot/share/classfile/systemDictionary.cpp, line 305]
Event: 0.286 Thread 0x00007d443802c0d0 Exception <a 'java/lang/NoSuchMethodError'{0x000000075263b2f8}: 'java.lang.Object java.lang.invoke.DirectMethodHandle$Holder.newInvokeSpecial(java.lang.Object, int, java.lang.Object)'> (0x000000075263b2f8) 
thrown [open/src/hotspot/share/interpreter/linkResolver.cpp, line 772]
Event: 0.288 Thread 0x00007d443802c0d0 Exception <a 'java/lang/NoSuchMethodError'{0x000000075263fb80}: 'int java.lang.invoke.DirectMethodHandle$Holder.invokeSpecial(java.lang.Object, java.lang.Object, java.lang.Object, int)'> (0x000000075263fb80) 
thrown [open/src/hotspot/share/interpreter/linkResolver.cpp, line 772]
Event: 0.292 Thread 0x00007d443802c0d0 Exception <a 'java/lang/NoSuchMethodError'{0x0000000752651dc0}: 'java.lang.Object java.lang.invoke.DirectMethodHandle$Holder.invokeStatic(java.lang.Object, java.lang.Object, java.lang.Object, java.lang.Object, int)'> (0x0000000752651dc0) 
thrown [open/src/hotspot/share/interpreter/linkResolver.cpp, line 772]
Event: 0.293 Thread 0x00007d443802c0d0 Exception <a 'java/lang/NoSuchMethodError'{0x0000000752659b40}: 'java.lang.Object java.lang.invoke.DelegatingMethodHandle$Holder.reinvoke_L(java.lang.Object, int, java.lang.Object)'> (0x0000000752659b40) 
thrown [open/src/hotspot/share/interpreter/linkResolver.cpp, line 772]
Event: 0.294 Thread 0x00007d443802c0d0 Exception <a 'java/lang/NoSuchMethodError'{0x000000075265d530}: 'int java.lang.invoke.DirectMethodHandle$Holder.invokeSpecial(java.lang.Object, java.lang.Object, java.lang.Object)'> (0x000000075265d530) 
thrown [open/src/hotspot/share/interpreter/linkResolver.cpp, line 772]

VM Operations (2 events):
Event: 1.025 Executing VM operation: Cleanup
Event: 1.025 Executing VM operation: Cleanup done

Events (20 events):
Event: 0.033 Thread 0x00007d4438138be0 Thread added: 0x00007d4438138be0
Event: 0.033 Protecting memory [0x00007d441c500000,0x00007d441c504000] with protection modes 0
Event: 0.033 Thread 0x00007d443813a600 Thread added: 0x00007d443813a600
Event: 0.033 Protecting memory [0x00007d441c400000,0x00007d441c404000] with protection modes 0
Event: 0.033 Thread 0x00007d443813bba0 Thread added: 0x00007d443813bba0
Event: 0.036 Protecting memory [0x00007d441c300000,0x00007d441c304000] with protection modes 0
Event: 0.048 Thread 0x00007d443815a600 Thread added: 0x00007d443815a600
Event: 0.048 Protecting memory [0x00007d441c200000,0x00007d441c204000] with protection modes 0
Event: 0.050 Thread 0x00007d443815ed00 Thread added: 0x00007d443815ed00
Event: 0.052 Protecting memory [0x00007d4415f00000,0x00007d4415f04000] with protection modes 0
Event: 0.235 Thread 0x00007d438814d480 Thread added: 0x00007d438814d480
Event: 0.235 Protecting memory [0x00007d4415e00000,0x00007d4415e04000] with protection modes 0
Event: 0.532 Thread 0x00007d438814d480 Thread exited: 0x00007d438814d480
Event: 0.637 Thread 0x00007d44384351d0 Thread added: 0x00007d44384351d0
Event: 0.637 Protecting memory [0x00007d4415e00000,0x00007d4415e04000] with protection modes 0
Event: 0.638 Thread 0x00007d4438435e30 Thread added: 0x00007d4438435e30
Event: 0.638 Protecting memory [0x00007d4415d00000,0x00007d4415d04000] with protection modes 0
Event: 0.638 Thread 0x00007d443802c0d0 Thread exited: 0x00007d443802c0d0
Event: 0.638 Protecting memory [0x00007d443dd00000,0x00007d443dd04000] with protection modes 0
Event: 0.638 Thread 0x00007d443802c0d0 Thread added: 0x00007d443802c0d0


Dynamic libraries:
747200000-752c00000 rw-p 00000000 00:00 0 
752c00000-7ffc00000 ---p 00000000 00:00 0 
7ffc00000-7ffd00000 rw-p 00000000 00:00 0 
7ffd00000-7ffd79000 rw-p 00d3e000 08:08 5246800                          /opt/electrostatic-sandbox/jdk-20.0.2/lib/server/classes.jsa
7ffd79000-7ffe00000 rw-p 00000000 00:00 0 
7ffe00000-7ffe83000 rw-p 00cbb000 08:08 5246800                          /opt/electrostatic-sandbox/jdk-20.0.2/lib/server/classes.jsa
7ffe83000-800000000 rw-p 00000000 00:00 0 
5af9b82f3000-5af9b82f4000 r-xp 00000000 08:08 5246621                    /opt/electrostatic-sandbox/jdk-20.0.2/bin/java
5af9b82f5000-5af9b82f6000 r--p 00001000 08:08 5246621                    /opt/electrostatic-sandbox/jdk-20.0.2/bin/java
5af9b82f6000-5af9b82f7000 rw-p 00002000 08:08 5246621                    /opt/electrostatic-sandbox/jdk-20.0.2/bin/java
5af9b95a4000-5af9b95ec000 rw-p 00000000 00:00 0                          [heap]
7d436c000000-7d436c021000 rw-p 00000000 00:00 0 
7d436c021000-7d4370000000 ---p 00000000 00:00 0 
7d4370000000-7d4370029000 rw-p 00000000 00:00 0 
7d4370029000-7d4374000000 ---p 00000000 00:00 0 
7d4378000000-7d4378021000 rw-p 00000000 00:00 0 
7d4378021000-7d437c000000 ---p 00000000 00:00 0 
7d437c000000-7d437c021000 rw-p 00000000 00:00 0 
7d437c021000-7d4380000000 ---p 00000000 00:00 0 
7d4384000000-7d4384021000 rw-p 00000000 00:00 0 
7d4384021000-7d4388000000 ---p 00000000 00:00 0 
7d4388000000-7d438815c000 rw-p 00000000 00:00 0 
7d438815c000-7d438c000000 ---p 00000000 00:00 0 
7d4390000000-7d43900d6000 rw-p 00000000 00:00 0 
7d43900d6000-7d4394000000 ---p 00000000 00:00 0 
7d4394000000-7d4394021000 rw-p 00000000 00:00 0 
7d4394021000-7d4398000000 ---p 00000000 00:00 0 
7d439c000000-7d439c021000 rw-p 00000000 00:00 0 
7d439c021000-7d43a0000000 ---p 00000000 00:00 0 
7d43a0000000-7d43a0021000 rw-p 00000000 00:00 0 
7d43a0021000-7d43a4000000 ---p 00000000 00:00 0 
7d43a8000000-7d43a8021000 rw-p 00000000 00:00 0 
7d43a8021000-7d43ac000000 ---p 00000000 00:00 0 
7d43ac000000-7d43ac021000 rw-p 00000000 00:00 0 
7d43ac021000-7d43b0000000 ---p 00000000 00:00 0 
7d43b4000000-7d43b4021000 rw-p 00000000 00:00 0 
7d43b4021000-7d43b8000000 ---p 00000000 00:00 0 
7d43bb000000-7d43bb100000 rw-p 00000000 00:00 0 
7d43bb100000-7d43bb400000 ---p 00000000 00:00 0 
7d43bb400000-7d43bb460000 rw-p 00000000 00:00 0 
7d43bb460000-7d43bf000000 ---p 00000000 00:00 0 
7d43bf000000-7d43bfc7e000 rw-p 00001000 08:08 5246800                    /opt/electrostatic-sandbox/jdk-20.0.2/lib/server/classes.jsa
7d43bfc7e000-7d43c0000000 ---p 00000000 00:00 0 
7d43c0000000-7d43c0030000 rw-p 00000000 00:00 0 
7d43c0030000-7d43c0040000 ---p 00000000 00:00 0 
7d43c0040000-7d43c0060000 rw-p 00000000 00:00 0 
7d43c0060000-7d4400000000 ---p 00000000 00:00 0 
7d4400000000-7d4400021000 rw-p 00000000 00:00 0 
7d4400021000-7d4404000000 ---p 00000000 00:00 0 
7d4404000000-7d4404021000 rw-p 00000000 00:00 0 
7d4404021000-7d4408000000 ---p 00000000 00:00 0 
7d440c000000-7d440c021000 rw-p 00000000 00:00 0 
7d440c021000-7d4410000000 ---p 00000000 00:00 0 
7d4410000000-7d4410021000 rw-p 00000000 00:00 0 
7d4410021000-7d4414000000 ---p 00000000 00:00 0 
7d4415a00000-7d4415a9d000 r--p 00000000 08:08 1326712                    /usr/lib/x86_64-linux-gnu/libstdc++.so.6.0.33
7d4415a9d000-7d4415bdd000 r-xp 0009d000 08:08 1326712                    /usr/lib/x86_64-linux-gnu/libstdc++.so.6.0.33
7d4415bdd000-7d4415c6b000 r--p 001dd000 08:08 1326712                    /usr/lib/x86_64-linux-gnu/libstdc++.so.6.0.33
7d4415c6b000-7d4415c76000 r--p 0026b000 08:08 1326712                    /usr/lib/x86_64-linux-gnu/libstdc++.so.6.0.33
7d4415c76000-7d4415c79000 rw-p 00276000 08:08 1326712                    /usr/lib/x86_64-linux-gnu/libstdc++.so.6.0.33
7d4415c79000-7d4415c7d000 rw-p 00000000 00:00 0 
7d4415d00000-7d4415d04000 ---p 00000000 00:00 0 
7d4415d04000-7d4415e00000 rw-p 00000000 00:00 0 
7d4415e00000-7d4415e04000 ---p 00000000 00:00 0 
7d4415e04000-7d4415f00000 rw-p 00000000 00:00 0 
7d4415f00000-7d4415f04000 ---p 00000000 00:00 0 
7d4415f04000-7d4416000000 rw-p 00000000 00:00 0 
7d4416000000-7d4418021000 rw-p 00000000 00:00 0 
7d4418021000-7d441c000000 ---p 00000000 00:00 0 
7d441c0fe000-7d441c0ff000 ---p 00000000 00:00 0 
7d441c0ff000-7d441c200000 rw-p 00000000 00:00 0 
7d441c200000-7d441c204000 ---p 00000000 00:00 0 
7d441c204000-7d441c300000 rw-p 00000000 00:00 0 
7d441c300000-7d441c304000 ---p 00000000 00:00 0 
7d441c304000-7d441c400000 rw-p 00000000 00:00 0 
7d441c400000-7d441c404000 ---p 00000000 00:00 0 
7d441c404000-7d441c500000 rw-p 00000000 00:00 0 
7d441c500000-7d441c504000 ---p 00000000 00:00 0 
7d441c504000-7d441c600000 rw-p 00000000 00:00 0 
7d441c600000-7d441c604000 ---p 00000000 00:00 0 
7d441c604000-7d441c700000 rw-p 00000000 00:00 0 
7d441c700000-7d441c704000 ---p 00000000 00:00 0 
7d441c704000-7d441c800000 rw-p 00000000 00:00 0 
7d441c800000-7d441c804000 ---p 00000000 00:00 0 
7d441c804000-7d441c900000 rw-p 00000000 00:00 0 
7d441c900000-7d441c904000 ---p 00000000 00:00 0 
7d441c904000-7d441ca00000 rw-p 00000000 00:00 0 
7d441ca00000-7d441d803000 r--p 00000000 08:08 1316761                    /usr/lib/locale/locale-archive
7d441d828000-7d441d829000 ---p 00000000 00:00 0 
7d441d829000-7d441d92a000 rw-p 00000000 00:00 0 
7d441d92a000-7d441d9f8000 r-xp 00000000 08:08 5246704                    /opt/electrostatic-sandbox/jdk-20.0.2/lib/libjsvml.so
7d441d9f8000-7d441d9f9000 r--p 000cd000 08:08 5246704                    /opt/electrostatic-sandbox/jdk-20.0.2/lib/libjsvml.so
7d441d9f9000-7d441d9fa000 rw-p 000ce000 08:08 5246704                    /opt/electrostatic-sandbox/jdk-20.0.2/lib/libjsvml.so
7d441d9fa000-7d441d9fb000 ---p 00000000 00:00 0 
7d441d9fb000-7d441dafc000 rw-p 00000000 00:00 0 
7d441dafc000-7d441dafd000 ---p 00000000 00:00 0 
7d441dafd000-7d441dbfe000 rw-p 00000000 00:00 0 
7d441dbfe000-7d441e0e8000 rw-p 00000000 00:00 0 
7d441e0e8000-7d4420c28000 ---p 00000000 00:00 0 
7d4420c28000-7d4420c38000 rw-p 00000000 00:00 0 
7d4420cff000-7d4420e00000 rw-p 00000000 00:00 0 
7d4420e00000-7d4421070000 rwxp 00000000 00:00 0 
7d4421070000-7d4428337000 ---p 00000000 00:00 0 
7d4428337000-7d44285a7000 rwxp 00000000 00:00 0 
7d44285a7000-7d44288c8000 ---p 00000000 00:00 0 
7d44288c8000-7d4428b38000 rwxp 00000000 00:00 0 
7d4428b38000-7d442fe00000 ---p 00000000 00:00 0 
7d442fe00000-7d4437f35000 r--s 00000000 08:08 5246745                    /opt/electrostatic-sandbox/jdk-20.0.2/lib/modules
7d4438000000-7d443843a000 rw-p 00000000 00:00 0 
7d443843a000-7d443c000000 ---p 00000000 00:00 0 
7d443c07a000-7d443c1fc000 rw-p 00000000 00:00 0 
7d443c1fc000-7d443c1fd000 ---p 00000000 00:00 0 
7d443c1fd000-7d443c2fe000 rw-p 00000000 00:00 0 
7d443c2fe000-7d443c2ff000 ---p 00000000 00:00 0 
7d443c2ff000-7d443c400000 rw-p 00000000 00:00 0 
7d443c400000-7d443c45d000 rw-p 00000000 00:00 0 
7d443c45d000-7d443c9c5000 ---p 00000000 00:00 0 
7d443c9c5000-7d443c9c7000 rw-p 00000000 00:00 0 
7d443ca00000-7d443ca5d000 rw-p 00000000 00:00 0 
7d443ca5d000-7d443cfc5000 ---p 00000000 00:00 0 
7d443cfc5000-7d443cfc7000 rw-p 00000000 00:00 0 
7d443d000000-7d443d05d000 rw-p 00000000 00:00 0 
7d443d05d000-7d443d5c5000 ---p 00000000 00:00 0 
7d443d5c5000-7d443d5c7000 rw-p 00000000 00:00 0 
7d443d5c9000-7d443d624000 rw-p 00000000 00:00 0 
7d443d624000-7d443d625000 ---p 00000000 00:00 0 
7d443d625000-7d443d726000 rw-p 00000000 00:00 0 
7d443d726000-7d443db2f000 rw-p 00000000 00:00 0 
7d443db2f000-7d443dc15000 ---p 00000000 00:00 0 
7d443dc15000-7d443dc1a000 rw-p 00000000 00:00 0 
7d443dc1a000-7d443dd00000 ---p 00000000 00:00 0 
7d443dd00000-7d443dd04000 ---p 00000000 00:00 0 
7d443dd04000-7d443de00000 rw-p 00000000 00:00 0 
7d443de00000-7d443f01e000 r-xp 00000000 08:08 5246885                    /opt/electrostatic-sandbox/jdk-20.0.2/lib/server/libjvm.so
7d443f01e000-7d443f0e8000 r--p 0121d000 08:08 5246885                    /opt/electrostatic-sandbox/jdk-20.0.2/lib/server/libjvm.so
7d443f0e8000-7d443f11d000 rw-p 012e7000 08:08 5246885                    /opt/electrostatic-sandbox/jdk-20.0.2/lib/server/libjvm.so
7d443f11d000-7d443f17c000 rw-p 00000000 00:00 0 
7d443f192000-7d443f196000 r--p 00000000 08:08 1326272                    /usr/lib/x86_64-linux-gnu/libgcc_s.so.1
7d443f196000-7d443f1b9000 r-xp 00004000 08:08 1326272                    /usr/lib/x86_64-linux-gnu/libgcc_s.so.1
7d443f1b9000-7d443f1bd000 r--p 00027000 08:08 1326272                    /usr/lib/x86_64-linux-gnu/libgcc_s.so.1
7d443f1bd000-7d443f1be000 r--p 0002b000 08:08 1326272                    /usr/lib/x86_64-linux-gnu/libgcc_s.so.1
7d443f1be000-7d443f1bf000 rw-p 0002c000 08:08 1326272                    /usr/lib/x86_64-linux-gnu/libgcc_s.so.1
7d443f1bf000-7d443f200000 rw-p 00000000 00:00 0 
7d443f200000-7d443f228000 r--p 00000000 08:08 1326122                    /usr/lib/x86_64-linux-gnu/libc.so.6
7d443f228000-7d443f3b0000 r-xp 00028000 08:08 1326122                    /usr/lib/x86_64-linux-gnu/libc.so.6
7d443f3b0000-7d443f3ff000 r--p 001b0000 08:08 1326122                    /usr/lib/x86_64-linux-gnu/libc.so.6
7d443f3ff000-7d443f403000 r--p 001fe000 08:08 1326122                    /usr/lib/x86_64-linux-gnu/libc.so.6
7d443f403000-7d443f405000 rw-p 00202000 08:08 1326122                    /usr/lib/x86_64-linux-gnu/libc.so.6
7d443f405000-7d443f412000 rw-p 00000000 00:00 0 
7d443f42a000-7d443f432000 r--p 00000000 08:12 255960                     /media/pavl-x86-machine/pavl-g/Projects/Electrostatic-Sandbox/electrostatic-sandbox-framework/electrostatic4j/serial4j/serial4j-examples/libserial4j.so
7d443f432000-7d443f436000 r-xp 00008000 08:12 255960                     /media/pavl-x86-machine/pavl-g/Projects/Electrostatic-Sandbox/electrostatic-sandbox-framework/electrostatic4j/serial4j/serial4j-examples/libserial4j.so
7d443f436000-7d443f439000 r--p 0000c000 08:12 255960                     /media/pavl-x86-machine/pavl-g/Projects/Electrostatic-Sandbox/electrostatic-sandbox-framework/electrostatic4j/serial4j/serial4j-examples/libserial4j.so
7d443f439000-7d443f43a000 r--p 0000e000 08:12 255960                     /media/pavl-x86-machine/pavl-g/Projects/Electrostatic-Sandbox/electrostatic-sandbox-framework/electrostatic4j/serial4j/serial4j-examples/libserial4j.so
7d443f43a000-7d443f43b000 rw-p 0000f000 08:12 255960                     /media/pavl-x86-machine/pavl-g/Projects/Electrostatic-Sandbox/electrostatic-sandbox-framework/electrostatic4j/serial4j/serial4j-examples/libserial4j.so
7d443f43b000-7d443f442000 r-xp 00000000 08:08 5246744                    /opt/electrostatic-sandbox/jdk-20.0.2/lib/libzip.so
7d443f442000-7d443f443000 ---p 00007000 08:08 5246744                    /opt/electrostatic-sandbox/jdk-20.0.2/lib/libzip.so
7d443f443000-7d443f444000 r--p 00007000 08:08 5246744                    /opt/electrostatic-sandbox/jdk-20.0.2/lib/libzip.so
7d443f444000-7d443f445000 rw-p 00008000 08:08 5246744                    /opt/electrostatic-sandbox/jdk-20.0.2/lib/libzip.so
7d443f445000-7d443f451000 r-xp 00000000 08:08 5246735                    /opt/electrostatic-sandbox/jdk-20.0.2/lib/libnet.so
7d443f451000-7d443f452000 r--p 0000b000 08:08 5246735                    /opt/electrostatic-sandbox/jdk-20.0.2/lib/libnet.so
7d443f452000-7d443f453000 rw-p 0000c000 08:08 5246735                    /opt/electrostatic-sandbox/jdk-20.0.2/lib/libnet.so
7d443f453000-7d443f466000 r-xp 00000000 08:08 5246736                    /opt/electrostatic-sandbox/jdk-20.0.2/lib/libnio.so
7d443f466000-7d443f467000 ---p 00013000 08:08 5246736                    /opt/electrostatic-sandbox/jdk-20.0.2/lib/libnio.so
7d443f467000-7d443f468000 r--p 00013000 08:08 5246736                    /opt/electrostatic-sandbox/jdk-20.0.2/lib/libnio.so
7d443f468000-7d443f469000 rw-p 00014000 08:08 5246736                    /opt/electrostatic-sandbox/jdk-20.0.2/lib/libnio.so
7d443f469000-7d443f4a0000 rw-p 00000000 00:00 0 
7d443f4a0000-7d443f4a7000 ---p 00000000 00:00 0 
7d443f4a7000-7d443f4cd000 r-xp 00000000 08:08 5246696                    /opt/electrostatic-sandbox/jdk-20.0.2/lib/libjava.so
7d443f4cd000-7d443f4ce000 ---p 00026000 08:08 5246696                    /opt/electrostatic-sandbox/jdk-20.0.2/lib/libjava.so
7d443f4ce000-7d443f4cf000 r--p 00026000 08:08 5246696                    /opt/electrostatic-sandbox/jdk-20.0.2/lib/libjava.so
7d443f4cf000-7d443f4d0000 rw-p 00027000 08:08 5246696                    /opt/electrostatic-sandbox/jdk-20.0.2/lib/libjava.so
7d443f4d0000-7d443f4d1000 rw-p 00000000 00:00 0 
7d443f4d1000-7d443f4ec000 r-xp 00000000 08:08 5246700                    /opt/electrostatic-sandbox/jdk-20.0.2/lib/libjimage.so
7d443f4ec000-7d443f4ed000 ---p 0001b000 08:08 5246700                    /opt/electrostatic-sandbox/jdk-20.0.2/lib/libjimage.so
7d443f4ed000-7d443f4ef000 r--p 0001b000 08:08 5246700                    /opt/electrostatic-sandbox/jdk-20.0.2/lib/libjimage.so
7d443f4ef000-7d443f4f0000 rw-p 0001d000 08:08 5246700                    /opt/electrostatic-sandbox/jdk-20.0.2/lib/libjimage.so
7d443f4f0000-7d443f500000 r--p 00000000 08:08 1326465                    /usr/lib/x86_64-linux-gnu/libm.so.6
7d443f500000-7d443f57f000 r-xp 00010000 08:08 1326465                    /usr/lib/x86_64-linux-gnu/libm.so.6
7d443f57f000-7d443f5d7000 r--p 0008f000 08:08 1326465                    /usr/lib/x86_64-linux-gnu/libm.so.6
7d443f5d7000-7d443f5d8000 r--p 000e7000 08:08 1326465                    /usr/lib/x86_64-linux-gnu/libm.so.6
7d443f5d8000-7d443f5d9000 rw-p 000e8000 08:08 1326465                    /usr/lib/x86_64-linux-gnu/libm.so.6
7d443f5d9000-7d443f5da000 r--p 00000000 08:08 1326654                    /usr/lib/x86_64-linux-gnu/librt.so.1
7d443f5da000-7d443f5db000 r-xp 00001000 08:08 1326654                    /usr/lib/x86_64-linux-gnu/librt.so.1
7d443f5db000-7d443f5dc000 r--p 00002000 08:08 1326654                    /usr/lib/x86_64-linux-gnu/librt.so.1
7d443f5dc000-7d443f5dd000 r--p 00002000 08:08 1326654                    /usr/lib/x86_64-linux-gnu/librt.so.1
7d443f5dd000-7d443f5de000 rw-p 00003000 08:08 1326654                    /usr/lib/x86_64-linux-gnu/librt.so.1
7d443f5de000-7d443f5e2000 rw-p 00000000 00:00 0 
7d443f5e2000-7d443f5e3000 r--p 00000000 08:08 1326188                    /usr/lib/x86_64-linux-gnu/libdl.so.2
7d443f5e3000-7d443f5e4000 r-xp 00001000 08:08 1326188                    /usr/lib/x86_64-linux-gnu/libdl.so.2
7d443f5e4000-7d443f5e5000 r--p 00002000 08:08 1326188                    /usr/lib/x86_64-linux-gnu/libdl.so.2
7d443f5e5000-7d443f5e6000 r--p 00002000 08:08 1326188                    /usr/lib/x86_64-linux-gnu/libdl.so.2
7d443f5e6000-7d443f5e7000 rw-p 00003000 08:08 1326188                    /usr/lib/x86_64-linux-gnu/libdl.so.2
7d443f5e7000-7d443f5e8000 r--p 00000000 08:08 1326626                    /usr/lib/x86_64-linux-gnu/libpthread.so.0
7d443f5e8000-7d443f5e9000 r-xp 00001000 08:08 1326626                    /usr/lib/x86_64-linux-gnu/libpthread.so.0
7d443f5e9000-7d443f5ea000 r--p 00002000 08:08 1326626                    /usr/lib/x86_64-linux-gnu/libpthread.so.0
7d443f5ea000-7d443f5eb000 r--p 00002000 08:08 1326626                    /usr/lib/x86_64-linux-gnu/libpthread.so.0
7d443f5eb000-7d443f5ec000 rw-p 00003000 08:08 1326626                    /usr/lib/x86_64-linux-gnu/libpthread.so.0
7d443f5ec000-7d443f5fa000 r-xp 00000000 08:08 5246701                    /opt/electrostatic-sandbox/jdk-20.0.2/lib/libjli.so
7d443f5fa000-7d443f5fb000 ---p 0000e000 08:08 5246701                    /opt/electrostatic-sandbox/jdk-20.0.2/lib/libjli.so
7d443f5fb000-7d443f5fc000 r--p 0000e000 08:08 5246701                    /opt/electrostatic-sandbox/jdk-20.0.2/lib/libjli.so
7d443f5fc000-7d443f5fd000 rw-p 0000f000 08:08 5246701                    /opt/electrostatic-sandbox/jdk-20.0.2/lib/libjli.so
7d443f5fd000-7d443f5ff000 r--p 00000000 08:08 1326853                    /usr/lib/x86_64-linux-gnu/libz.so.1.3
7d443f5ff000-7d443f611000 r-xp 00002000 08:08 1326853                    /usr/lib/x86_64-linux-gnu/libz.so.1.3
7d443f611000-7d443f617000 r--p 00014000 08:08 1326853                    /usr/lib/x86_64-linux-gnu/libz.so.1.3
7d443f617000-7d443f618000 r--p 0001a000 08:08 1326853                    /usr/lib/x86_64-linux-gnu/libz.so.1.3
7d443f618000-7d443f619000 rw-p 0001b000 08:08 1326853                    /usr/lib/x86_64-linux-gnu/libz.so.1.3
7d443f61b000-7d443f622000 r--s 00000000 08:08 1327736                    /usr/lib/x86_64-linux-gnu/gconv/gconv-modules.cache
7d443f622000-7d443f62a000 rw-s 00000000 08:08 4587564                    /tmp/hsperfdata_pavl-x86-machine/6170
7d443f62a000-7d443f62b000 ---p 00000000 00:00 0 
7d443f62b000-7d443f62c000 r--p 00000000 00:00 0 
7d443f62c000-7d443f62d000 ---p 00000000 00:00 0 
7d443f62d000-7d443f62f000 rw-p 00000000 00:00 0 
7d443f62f000-7d443f630000 r--p 00000000 08:08 1325934                    /usr/lib/x86_64-linux-gnu/ld-linux-x86-64.so.2
7d443f630000-7d443f65b000 r-xp 00001000 08:08 1325934                    /usr/lib/x86_64-linux-gnu/ld-linux-x86-64.so.2
7d443f65b000-7d443f665000 r--p 0002c000 08:08 1325934                    /usr/lib/x86_64-linux-gnu/ld-linux-x86-64.so.2
7d443f665000-7d443f667000 r--p 00036000 08:08 1325934                    /usr/lib/x86_64-linux-gnu/ld-linux-x86-64.so.2
7d443f667000-7d443f669000 rw-p 00038000 08:08 1325934                    /usr/lib/x86_64-linux-gnu/ld-linux-x86-64.so.2
7ffca5700000-7ffca5723000 rw-p 00000000 00:00 0                          [stack]
7ffca5740000-7ffca5744000 r--p 00000000 00:00 0                          [vvar]
7ffca5744000-7ffca5746000 r-xp 00000000 00:00 0                          [vdso]
ffffffffff600000-ffffffffff601000 --xp 00000000 00:00 0                  [vsyscall]


VM Arguments:
jvm_args: -Dfile.encoding=UTF-8 -Duser.country=US -Duser.language=en -Duser.variant 
java_command: com.serial4j.example.Launcher com.serial4j.example.serial4j.HelloNativeSerial4J /dev/ttyUSB0
java_class_path (initial): /media/pavl-x86-machine/pavl-g/Projects/Electrostatic-Sandbox/electrostatic-sandbox-framework/electrostatic4j/serial4j/serial4j-examples/build/classes/java/main:/media/pavl-x86-machine/pavl-g/Projects/Electrostatic-Sandbox/electrostatic-sandbox-framework/electrostatic4j/serial4j/serial4j-examples/build/resources/main:/media/pavl-x86-machine/pavl-g/Projects/Electrostatic-Sandbox/electrostatic-sandbox-framework/electrostatic4j/serial4j/serial4j-core/build/libs/serial4j-core.jar:/media/pavl-x86-machine/pavl-g/Projects/Electrostatic-Sandbox/electrostatic-sandbox-framework/electrostatic4j/serial4j/serial4j-native/build/libs/serial4j-native-linux.jar:/home/pavl-x86-machine/.gradle/caches/modules-2/files-2.1/io.github.electrostat-lab/snaploader/1.0.0-beta/ab2ff83bceba37641f77298afe4f7195edda846f/snaploader-1.0.0-beta.jar:/home/pavl-x86-machine/.gradle/caches/modules-2/files-2.1/org.jmonkeyengine/jme3-effects/3.6.0-stable/abcff4b10ca7d68f40c31cd14be14683df7e3069/jme3-effects-3.6.0-stable.jar:/home/pavl-x86-machine/.gradle/caches/modules-2/files-2.1/org.jmonkeyengine/jme3-plugins/3.6.0-stable/dd0d756a8d0af9a462d93fda54483d7b438955f4/jme3-plugins-3.6.0-stable.jar:/home/pavl-x86-machine/.gradle/caches/modules-2/files-2.1/org.jmonkeyengine/jme3-desktop/3.6.0-stable/3ba320405e5700db27c6a21a3f77a56e1d05ba7a/jme3-desktop-3.6.0-stable.jar:/home/pavl-x86-machine/.gradle/caches/modules-2/files-2.1/org.jmonkeyengine/jme3-lwjgl3/3.6.0-stable/b1560dc3b74d50ebfdb9afe617b94c3f195cf1b3/jme3-lwjgl3-3.6.0-stable.jar:/home/pavl-x86-machine/.gradle/caches/modules-2/files-2.1/com.github.stephengold/Minie/7.4.0+big3/673bd47b36584168064dbc482f30fef4045b4330/Minie-7.4.0+big3.jar:/home/pavl-x86-machine/.gradle/caches/modules-2/files-2.1/com.github.stephengold/Heart/8.3.2/2a3a4b3f4f39bcf4f43ce687976b66878bd2856d/Heart-8.3.2.jar:/home/pavl-x86-machine/.gradle/caches/modules-2/files-2.1/com.simsilica/sim-math/1.6.0/6a93c1b12f0c990a86f3f60cb401076a53f71b3/sim-math-1.6.0.jar:/home/pavl-x86-machine/.gradle/caches/modules-2/files-2.1/org.jmonkeyengine/jme3-terrain/3.6.0-stable/6ab3c428c4fba53be24658008c54fbf788ef83f3/jme3-terrain-3.6.0-stable.jar:/home/pavl-x86-machine/.gradle/caches/modules-2/files-2.1/org.jmonkeyengine/jme3-core/3.6.0-stable/4ec2e1cd3cc60d0f1facc78c273dbb4ad13ceca4/jme3-core-3.6.0-stable.jar:/home/pavl-x86-machine/.gradle/caches/modules-2/files-2.1/com.google.code.gson/gson/2.9.1/2cc2131b98ebfb04e2b2c7dfb84431f4045096b/gson-2.9.1.jar:/home/pavl-x86-machine/.gradle/caches/modules-2/files-2.1/org.lwjgl/lwjgl-glfw/3.3.1/cbac1b8d30cb4795149c1ef540f912671a8616d0/lwjgl-glfw-3.3.1.jar:/home/pavl-x86-machine/.gradle/caches/modules-2/files-2.1/org.lwjgl/lwjgl-glfw/3.3.1/ed892f945cf7e79c8756796f32d00fa4ceaf573b/lwjgl-glfw-3.3.1-natives-windows.jar:/home/pavl-x86-machine/.gradle/caches/modules-2/files-2.1/org.lwjgl/lwjgl-glfw/3.3.1/b997e3391d6ce8f05487e7335d95c606043884a1/lwjgl-glfw-3.3.1-natives-windows-x86.jar:/home/pavl-x86-machine/.gradle/caches/modules-2/files-2.1/org.lwjgl/lwjgl-glfw/3.3.1/81716978214ecbda15050ca394b06ef61501a49e/lwjgl-glfw-3.3.1-natives-linux.jar:/home/pavl-x86-machine/.gradle/caches/modules-2/files-2.1/org.lwjgl/lwjgl-glfw/3.3.1/816d935933f2dd743074c4e717cc25b55720f294/lwjgl-glfw-3.3.1-natives-linux-arm32.jar:/home/pavl-x86-machine/.gradle/caches/modules-2/files-2.1/org.lwjgl/lwjgl-glfw/3.3.1/513eb39b866d0fe131a18d5c517087805433b029/lwjgl-glfw-3.3.1-natives-linux-arm64.jar:/home/pavl-x86-machine/.gradle/caches/modules-2/files-2.1/org.lwjgl/lwjgl-glfw/3.3.1/9ec4ce1fc8c85fdef03ef4ff2aace6f5775fb280/lwjgl-glfw-3.3.1-natives-macos.jar:/home/pavl-x86-machine/.gradle/caches/modules-2/files-2.1/org.lwjgl/lwjgl-glfw/3.3.1/cac0d3f712a3da7641fa174735a5f315de7ffe0a/lwjgl-glfw-3.3.1-natives-macos-arm64.jar:/home/pavl-x86-machine/.gradle/caches/modules-2/files-2.1/org.lwjgl/lwjgl-jemalloc/3.3.1/a817bcf213db49f710603677457567c37d53e103/lwjgl-jemalloc-3.3.1.jar:/home/pavl-x86-machine/.gradle/caches/modules-2/files-2.1/org.lwjgl/lwjgl-jemalloc/3.3.1/948a89b76a16aa324b046ae9308891216ffce5f9/lwjgl-jemalloc-3.3.1-natives-windows.jar:/home/pavl-x86-machine/.gradle/caches/modules-2/files-2.1/org.lwjgl/lwjgl-jemalloc/3.3.1/fb476c8ec110e1c137ad3ce8a7f7bfe6b11c6324/lwjgl-jemalloc-3.3.1-natives-windows-x86.jar:/home/pavl-x86-machine/.gradle/caches/modules-2/files-2.1/org.lwjgl/lwjgl-jemalloc/3.3.1/33dbb017b6ed6b25f993ad9d56741a49e7937718/lwjgl-jemalloc-3.3.1-natives-linux.jar:/home/pavl-x86-machine/.gradle/caches/modules-2/files-2.1/org.lwjgl/lwjgl-jemalloc/3.3.1/a96a6d6cb3876d7813fcee53c3c24f246aeba3b3/lwjgl-jemalloc-3.3.1-natives-linux-arm32.jar:/home/pavl-x86-machine/.gradle/caches/modules-2/files-2.1/org.lwjgl/lwjgl-jemalloc/3.3.1/c6606e57db075ad218a2e78d2416c159a53b6a0c/lwjgl-jemalloc-3.3.1-natives-linux-arm64.jar:/home/pavl-x86-machine/.gradle/caches/modules-2/files-2.1/org.lwjgl/lwjgl-jemalloc/3.3.1/56424dc8db3cfb8e7b594aa6d59a4f4387b7f544/lwjgl-jemalloc-3.3.1-natives-macos.jar:/home/pavl-x86-machine/.gradle/caches/modules-2/files-2.1/org.lwjgl/lwjgl-jemalloc/3.3.1/e577b87d8ad2ade361aaea2fcf226c660b15dee8/lwjgl-jemalloc-3.3.1-natives-macos-arm64.jar:/home/pavl-x86-machine/.gradle/caches/modules-2/files-2.1/org.lwjgl/lwjgl-openal/3.3.1/2623a6b8ae1dfcd880738656a9f0243d2e6840bd/lwjgl-openal-3.3.1.jar:/home/pavl-x86-machine/.gradle/caches/modules-2/files-2.1/org.lwjgl/lwjgl-openal/3.3.1/30a474d0e57193d7bc128849a3ab66bc9316fdb1/lwjgl-openal-3.3.1-natives-windows.jar:/home/pavl-x86-machine/.gradle/caches/modules-2/files-2.1/org.lwjgl/lwjgl-openal/3.3.1/888349f7b1be6fbae58bf8edfb9ef12def04c4e3/lwjgl-openal-3.3.1-natives-windows-x86.jar:/home/pavl-x86-machine/.gradle/caches/modules-2/files-2.1/org.lwjgl/lwjgl-openal/3.3.1/f906b6439f6daa66001182ea7727e3467a93681b/lwjgl-openal-3.3.1-natives-linux.jar:/home/pavl-x86-machine/.gradle/caches/modules-2/files-2.1/org.lwjgl/lwjgl-openal/3.3.1/ffbe35d7fa5ec9b7eca136a7c71f24d4025a510b/lwjgl-openal-3.3.1-natives-linux-arm32.jar:/home/pavl-x86-machine/.gradle/caches/modules-2/files-2.1/org.lwjgl/lwjgl-openal/3.3.1/cf4e303257e82981b8b2e31bba3d7f8f7b8f42b2/lwjgl-openal-3.3.1-natives-linux-arm64.jar:/home/pavl-x86-machine/.gradle/caches/modules-2/files-2.1/org.lwjgl/lwjgl-openal/3.3.1/3a57b8911835fb58b5e558d0ca0d28157e263d45/lwjgl-openal-3.3.1-natives-macos.jar:/home/pavl-x86-machine/.gradle/caches/modules-2/files-2.1/org.lwjgl/lwjgl-openal/3.3.1/23d55e7490b57495320f6c9e1936d78fd72c4ef8/lwjgl-openal-3.3.1-natives-macos-arm64.jar:/home/pavl-x86-machine/.gradle/caches/modules-2/files-2.1/org.lwjgl/lwjgl-opencl/3.3.1/8e9b00d310ef80ec4343ed709efb2ae77386014d/lwjgl-opencl-3.3.1.jar:/home/pavl-x86-machine/.gradle/caches/modules-2/files-2.1/org.lwjgl/lwjgl-opengl/3.3.1/831a5533a21a5f4f81bbc51bb13e9899319b5411/lwjgl-opengl-3.3.1.jar:/home/pavl-x86-machine/.gradle/caches/modules-2/files-2.1/org.lwjgl/lwjgl-opengl/3.3.1/c1807e9bd571402787d7e37e3029776ae2513bb8/lwjgl-opengl-3.3.1-natives-windows.jar:/home/pavl-x86-machine/.gradle/caches/modules-2/files-2.1/org.lwjgl/lwjgl-opengl/3.3.1/deef3eb9b178ff2ff3ce893cc72ae741c3a17974/lwjgl-opengl-3.3.1-natives-windows-x86.jar:/home/pavl-x86-machine/.gradle/caches/modules-2/files-2.1/org.lwjgl/lwjgl-opengl/3.3.1/ab9ab6fde3743e3550fa5d46d785ecb45b047d99/lwjgl-opengl-3.3.1-natives-linux.jar:/home/pavl-x86-machine/.gradle/caches/modules-2/files-2.1/org.lwjgl/lwjgl-opengl/3.3.1/e3550fa91097fd56e361b4370fa822220fef3595/lwjgl-opengl-3.3.1-natives-linux-arm32.jar:/home/pavl-x86-machine/.gradle/caches/modules-2/files-2.1/org.lwjgl/lwjgl-opengl/3.3.1/1c528fb258a6e63e8fceb4482d8db0f3af10a634/lwjgl-opengl-3.3.1-natives-linux-arm64.jar:/home/pavl-x86-machine/.gradle/caches/modules-2/files-2.1/org.lwjgl/lwjgl-opengl/3.3.1/a0d12697ea019a7362eff26475b0531340e876a6/lwjgl-opengl-3.3.1-natives-macos.jar:/home/pavl-x86-machine/.gradle/caches/modules-2/files-2.1/org.lwjgl/lwjgl-opengl/3.3.1/eafe34b871d966292e8db0f1f3d6b8b110d4e91d/lwjgl-opengl-3.3.1-natives-macos-arm64.jar:/home/pavl-x86-machine/.gradle/caches/modules-2/files-2.1/org.lwjgl/lwjgl/3.3.1/ae58664f88e18a9bb2c77b063833ca7aaec484cb/lwjgl-3.3.1.jar:/home/pavl-x86-machine/.gradle/caches/modules-2/files-2.1/org.lwjgl/lwjgl/3.3.1/36c37f16ab611b3aa11f3bcf80b1d509b4ce6b/lwjgl-3.3.1-natives-windows.jar:/home/pavl-x86-machine/.gradle/caches/modules-2/files-2.1/org.lwjgl/lwjgl/3.3.1/3b14f4beae9dd39791ec9e12190a9380cd8a3ce6/lwjgl-3.3.1-natives-windows-x86.jar:/home/pavl-x86-machine/.gradle/caches/modules-2/files-2.1/org.lwjgl/lwjgl/3.3.1/1de885aba434f934201b99f2f1afb142036ac189/lwjgl-3.3.1-natives-linux.jar:/home/pavl-x86-machine/.gradle/caches/modules-2/files-2.1/org.lwjgl/lwjgl/3.3.1/41a3c1dd15d6b964eb8196dde69720a3e3e5e969/lwjgl-3.3.1-natives-linux-arm32.jar:/home/pavl-x86-machine/.gradle/caches/modules-2/files-2.1/org.lwjgl/lwjgl/3.3.1/b597401014acb7196c76d97e15a6288f54f1f692/lwjgl-3.3.1-natives-linux-arm64.jar:/home/pavl-x86-machine/.gradle/caches/modules-2/files-2.1/org.lwjgl/lwjgl/3.3.1/fc6bb723dec2cd031557dccb2a95f0ab80acb9db/lwjgl-3.3.1-natives-macos.jar:/home/pavl-x86-machine/.gradle/caches/modules-2/files-2.1/org.lwjgl/lwjgl/3.3.1/71d0d5e469c9c95351eb949064497e3391616ac9/lwjgl-3.3.1-natives-macos-arm64.jar:/home/pavl-x86-machine/.gradle/caches/modules-2/files-2.1/org.slf4j/slf4j-api/1.7.32/cdcff33940d9f2de763bc41ea05a0be5941176c3/slf4j-api-1.7.32.jar
Launcher Type: SUN_STANDARD

[Global flags]
     intx CICompilerCount                          = 3                                         {product} {ergonomic}
     uint ConcGCThreads                            = 1                                         {product} {ergonomic}
     uint G1ConcRefinementThreads                  = 4                                         {product} {ergonomic}
   size_t G1HeapRegionSize                         = 2097152                                   {product} {ergonomic}
    uintx GCDrainStackTargetSize                   = 64                                        {product} {ergonomic}
   size_t InitialHeapSize                          = 195035136                                 {product} {ergonomic}
   size_t MarkStackSize                            = 4194304                                   {product} {ergonomic}
   size_t MaxHeapSize                              = 3101687808                                {product} {ergonomic}
   size_t MaxNewSize                               = 1860173824                                {product} {ergonomic}
   size_t MinHeapDeltaBytes                        = 2097152                                   {product} {ergonomic}
   size_t MinHeapSize                              = 8388608                                   {product} {ergonomic}
    uintx NonNMethodCodeHeapSize                   = 5832780                                {pd product} {ergonomic}
    uintx NonProfiledCodeHeapSize                  = 122912730                              {pd product} {ergonomic}
    uintx ProfiledCodeHeapSize                     = 122912730                              {pd product} {ergonomic}
    uintx ReservedCodeCacheSize                    = 251658240                              {pd product} {ergonomic}
     bool SegmentedCodeCache                       = true                                      {product} {ergonomic}
   size_t SoftMaxHeapSize                          = 3101687808                             {manageable} {ergonomic}
     bool UseCompressedClassPointers               = true                           {product lp64_product} {ergonomic}
     bool UseCompressedOops                        = true                           {product lp64_product} {ergonomic}
     bool UseG1GC                                  = true                                      {product} {ergonomic}

Logging:
Log output configuration:
 #0: stdout all=warning uptime,level,tags foldmultilines=false
 #1: stderr all=off uptime,level,tags foldmultilines=false

Environment Variables:
JAVA_HOME=/opt/electrostatic-sandbox/jdk-20.0.2
PATH=/opt/electrostatic-sandbox/jdk-20.0.2/bin:/usr/local/sbin:/usr/local/bin:/usr/sbin:/usr/bin:/sbin:/bin:/usr/games:/usr/local/games:/snap/bin:/snap/bin:/home/pavl-x86-machine/.local/share/JetBrains/Toolbox/scripts:/home/pavl-x86-machine/.local/share/JetBrains/Toolbox/scripts:/home/pavl-x86-machine/.local/share/JetBrains/Toolbox/scripts
USERNAME=pavl-x86-machine
LD_LIBRARY_PATH=:/home/pavl-x86-machine/.local/share/JetBrains/Toolbox/apps/fleet/lib/app
SHELL=/bin/bash
DISPLAY=:0
LANG=en_US.UTF-8
TERM=xterm-256color

Active Locale:
LC_ALL=en_US.UTF-8
LC_COLLATE=en_US.UTF-8
LC_CTYPE=en_US.UTF-8
LC_MESSAGES=en_US.UTF-8
LC_MONETARY=en_US.UTF-8
LC_NUMERIC=en_US.UTF-8
LC_TIME=en_US.UTF-8

Signal Handlers:
   SIGSEGV: crash_handler in libjvm.so, mask=11100100010111111101111111111110, flags=SA_RESTART|SA_SIGINFO, unblocked
    SIGBUS: crash_handler in libjvm.so, mask=11100100010111111101111111111110, flags=SA_RESTART|SA_SIGINFO, unblocked
    SIGFPE: crash_handler in libjvm.so, mask=11100100010111111101111111111110, flags=SA_RESTART|SA_SIGINFO, unblocked
   SIGPIPE: javaSignalHandler in libjvm.so, mask=11100100010111111101111111111110, flags=SA_RESTART|SA_SIGINFO, blocked
   SIGXFSZ: javaSignalHandler in libjvm.so, mask=11100100010111111101111111111110, flags=SA_RESTART|SA_SIGINFO, blocked
    SIGILL: crash_handler in libjvm.so, mask=11100100010111111101111111111110, flags=SA_RESTART|SA_SIGINFO, unblocked
   SIGUSR2: SR_handler in libjvm.so, mask=00000000000000000000000000000000, flags=SA_RESTART|SA_SIGINFO, blocked
    SIGHUP: UserHandler in libjvm.so, mask=11100100010111111101111111111110, flags=SA_RESTART|SA_SIGINFO, blocked
    SIGINT: UserHandler in libjvm.so, mask=11100100010111111101111111111110, flags=SA_RESTART|SA_SIGINFO, blocked
   SIGTERM: UserHandler in libjvm.so, mask=11100100010111111101111111111110, flags=SA_RESTART|SA_SIGINFO, blocked
   SIGQUIT: UserHandler in libjvm.so, mask=11100100010111111101111111111110, flags=SA_RESTART|SA_SIGINFO, blocked
   SIGTRAP: crash_handler in libjvm.so, mask=11100100010111111101111111111110, flags=SA_RESTART|SA_SIGINFO, unblocked


---------------  S Y S T E M  ---------------

OS:
DISTRIB_ID=Ubuntu
DISTRIB_RELEASE=24.04
DISTRIB_CODENAME=noble
DISTRIB_DESCRIPTION="Ubuntu 24.04.1 LTS"
uname: Linux 6.8.0-41-generic #41-Ubuntu SMP PREEMPT_DYNAMIC Fri Aug  2 20:41:06 UTC 2024 x86_64
OS uptime: 0 days 0:20 hours
libc: glibc 2.39 NPTL 2.39 
rlimit (soft/hard): STACK 8192k/infinity , CORE 0k/infinity , NPROC 47031/47031 , NOFILE 1048576/1048576 , AS infinity/infinity , CPU infinity/infinity , DATA infinity/infinity , FSIZE infinity/infinity , MEMLOCK 1513908k/1513908k
load average: 2.09 2.04 2.11

/proc/meminfo:
MemTotal:       12111284 kB
MemFree:         5366112 kB
MemAvailable:    7786192 kB
Buffers:          126924 kB
Cached:          2981784 kB
SwapCached:            0 kB
Active:          4755056 kB
Inactive:        1135800 kB
Active(anon):    3279832 kB
Inactive(anon):        0 kB
Active(file):    1475224 kB
Inactive(file):  1135800 kB
Unevictable:      421736 kB
Mlocked:             120 kB
SwapTotal:       4194300 kB
SwapFree:        4194300 kB
Zswap:                 0 kB
Zswapped:              0 kB
Dirty:            112220 kB
Writeback:             0 kB
AnonPages:       3203932 kB
Mapped:           928240 kB
Shmem:            497688 kB
KReclaimable:      94072 kB
Slab:             273556 kB
SReclaimable:      94072 kB
SUnreclaim:       179484 kB
KernelStack:       16896 kB
PageTables:        42144 kB
SecPageTables:         0 kB
NFS_Unstable:          0 kB
Bounce:                0 kB
WritebackTmp:          0 kB
CommitLimit:    10249940 kB
Committed_AS:   15510948 kB
VmallocTotal:   34359738367 kB
VmallocUsed:       49360 kB
VmallocChunk:          0 kB
Percpu:             3808 kB
HardwareCorrupted:     0 kB
AnonHugePages:         0 kB
ShmemHugePages:   405504 kB
ShmemPmdMapped:        0 kB
FileHugePages:         0 kB
FilePmdMapped:         0 kB
Unaccepted:            0 kB
HugePages_Total:       0
HugePages_Free:        0
HugePages_Rsvd:        0
HugePages_Surp:        0
Hugepagesize:       2048 kB
Hugetlb:               0 kB
DirectMap4k:      166164 kB
DirectMap2M:     5988352 kB
DirectMap1G:     7340032 kB

/sys/kernel/mm/transparent_hugepage/enabled: always [madvise] never
/sys/kernel/mm/transparent_hugepage/defrag (defrag/compaction efforts parameter): always defer defer+madvise [madvise] never

Process Memory:
Virtual Size: 5958092K (peak: 5958092K)
Resident Set Size: 55872K (peak: 55872K) (anon: 32384K, file: 23488K, shmem: 0K)
Swapped out: 0K
C-Heap outstanding allocations: 20121K, retained: 2230K
glibc malloc tunables: (default)

/proc/sys/kernel/threads-max (system-wide limit on the number of threads): 94063
/proc/sys/vm/max_map_count (maximum number of memory map areas a process may have): 1048576
/proc/sys/kernel/pid_max (system-wide limit on number of process identifiers): 4194304

container (cgroup) information:
container_type: cgroupv2
cpu_cpuset_cpus: not supported
cpu_memory_nodes: not supported
active_processor_count: 4
cpu_quota: not supported
cpu_period: not supported
cpu_shares: not supported
memory_limit_in_bytes: unlimited
memory_and_swap_limit_in_bytes: unlimited
memory_soft_limit_in_bytes: unlimited
memory_usage_in_bytes: 2966176 k
memory_max_usage_in_bytes: not supported
memory_swap_current_in_bytes: unlimited
memory_swap_max_limit_in_bytes: unlimited
maximum number of tasks: 14109
current number of tasks: 233

Steal ticks since vm start: 0
Steal ticks percentage since vm start:  0.000

CPU: total 4 (initial active 4) (2 cores per cpu, 2 threads per core) family 6 model 142 stepping 9 microcode 0xf6, cx8, cmov, fxsr, ht, mmx, 3dnowpref, sse, sse2, sse3, ssse3, sse4.1, sse4.2, popcnt, lzcnt, tsc, tscinvbit, avx, avx2, aes, erms, clmul, bmi1, bmi2, adx, fma, vzeroupper, clflush, clflushopt, rdtscp, f16c
CPU Model and flags from /proc/cpuinfo:
model name	: Intel(R) Core(TM) i3-7020U CPU @ 2.30GHz
flags		: fpu vme de pse tsc msr pae mce cx8 apic sep mtrr pge mca cmov pat pse36 clflush dts acpi mmx fxsr sse sse2 ss ht tm pbe syscall nx pdpe1gb rdtscp lm constant_tsc art arch_perfmon pebs bts rep_good nopl xtopology nonstop_tsc cpuid aperfmperf pni pclmulqdq dtes64 monitor ds_cpl vmx est tm2 ssse3 sdbg fma cx16 xtpr pdcm pcid sse4_1 sse4_2 x2apic movbe popcnt tsc_deadline_timer aes xsave avx f16c rdrand lahf_lm abm 3dnowprefetch cpuid_fault epb pti ssbd ibrs ibpb stibp tpr_shadow flexpriority ept vpid ept_ad fsgsbase tsc_adjust bmi1 avx2 smep bmi2 erms invpcid mpx rdseed adx smap clflushopt intel_pt xsaveopt xsavec xgetbv1 xsaves dtherm arat pln pts hwp hwp_notify hwp_act_window hwp_epp vnmi md_clear flush_l1d arch_capabilities

Online cpus: 0-3
Offline cpus: 
BIOS frequency limitation: <Not Available>
Frequency switch latency (ns): 0
Available cpu frequencies: <Not Available>
Current governor: powersave
Core performance/turbo boost: <Not Available>

Memory: 4k page, physical 12111284k(5366112k free), swap 4194300k(4194300k free)
Page Sizes: 4k

vm_info: Java HotSpot(TM) 64-Bit Server VM (20.0.2+9-78) for linux-amd64 JRE (20.0.2+9-78), built on 2023-06-14T10:08:48Z by "mach5one" with gcc 11.2.0

END.
